#
# A fatal error has been detected by the Java Runtime Environment:
#
#  EXCEPTION_ACCESS_VIOLATION (0xc0000005) at pc=0x000000005b8696f5, pid=11912, tid=0x000000000000452c
#
# JRE version: OpenJDK Runtime Environment (8.0_202-b08) (build 1.8.0_202-b08)
# Java VM: OpenJDK 64-Bit Server VM (25.202-b08 mixed mode windows-amd64 compressed oops)
# Problematic frame:
# V  [jvm.dll+0xd96f5]
#
# Failed to write core dump. Minidumps are not enabled by default on client versions of Windows
#
# If you would like to submit a bug report, please visit:
#   http://bugreport.java.com/bugreport/crash.jsp
#

---------------  T H R E A D  ---------------

Current thread (0x0000000017d65000):  VMThread [stack: 0x0000000019a40000,0x0000000019b40000] [id=17708]

siginfo: ExceptionCode=0xc0000005, reading address 0x0000000001bf01c6

Registers:
RAX=0x0000000001bf01be, RBX=0x000000001d4e8dd0, RCX=0x0000000000000260, RDX=0x0000000000000045
RSP=0x0000000019b3f0a0, RBP=0x00000000000000e4, RSI=0x000000005bf52320, RDI=0x0000000019b3f380
R8 =0x0000000000000000, R9 =0x000000001d4e8dd0, R10=0x000000000000b22d, R11=0x000000001d4ec134
R12=0x0000000000000001, R13=0x0000000000000001, R14=0x00000000000003d8, R15=0x0000000019b3f1a0
RIP=0x000000005b8696f5, EFLAGS=0x0000000000010206

Top of Stack: (sp=0x0000000019b3f0a0)
0x0000000019b3f0a0:   0000000019b3f380 000000005b839027
0x0000000019b3f0b0:   00000000000000cf 000000005b86a449
0x0000000019b3f0c0:   0000000019b3f380 000000005b868885
0x0000000019b3f0d0:   0000000017bf57a0 0000000019b3f140
0x0000000019b3f0e0:   0000b822d05be0ab 000000005b869cf2
0x0000000019b3f0f0:   0000000019b3f1b0 0000000000000001
0x0000000019b3f100:   0000000019b3f1c0 0000000019b3f380
0x0000000019b3f110:   0000000019b3f1f0 000000005b86c920
0x0000000019b3f120:   00000000000000e4 00000000000000e4
0x0000000019b3f130:   0000000000000102 000000005b869b76
0x0000000019b3f140:   00000000000000e4 0000000019b3f1f0
0x0000000019b3f150:   0000000019b3f1b0 0000000000000102
0x0000000019b3f160:   000000001d4ec1e0 000000005b86d47f
0x0000000019b3f170:   0000000019b3f380 0000000019b3f1f0
0x0000000019b3f180:   0000000017bf5700 000000001d4ec1e0
0x0000000019b3f190:   0000000000000013 0000000000000000 

Instructions: (pc=0x000000005b8696f5)
0x000000005b8696d5:   8b d2 e8 54 7f ff ff 48 8b cb 8b d0 e8 5a 78 ff
0x000000005b8696e5:   ff 48 8d 35 33 8c 6e 00 48 63 c8 48 8b 44 cb 50
0x000000005b8696f5:   0f b6 48 08 8b 05 05 8c 6e 00 80 f9 4c 74 2b 80
0x000000005b869705:   f9 5b 74 26 80 f9 4a 74 18 80 f9 44 74 13 48 8d 


Register to memory mapping:

RAX=0x0000000001bf01be is an unknown value
RBX=0x000000001d4e8dd0 is pointing into metadata
RCX=0x0000000000000260 is an unknown value
RDX=0x0000000000000045 is an unknown value
RSP=0x0000000019b3f0a0 is an unknown value
RBP=0x00000000000000e4 is an unknown value
RSI=0x000000005bf52320 is an unknown value
RDI=0x0000000019b3f380 is an unknown value
R8 =0x0000000000000000 is an unknown value
R9 =0x000000001d4e8dd0 is pointing into metadata
R10=0x000000000000b22d is an unknown value
R11=0x000000001d4ec134 is pointing into metadata
R12=0x0000000000000001 is an unknown value
R13=0x0000000000000001 is an unknown value
R14=0x00000000000003d8 is an unknown value
R15=0x0000000019b3f1a0 is an unknown value


Stack: [0x0000000019a40000,0x0000000019b40000],  sp=0x0000000019b3f0a0,  free space=1020k
Native frames: (J=compiled Java code, j=interpreted, Vv=VM code, C=native code)
V  [jvm.dll+0xd96f5]
V  [jvm.dll+0xdc920]
V  [jvm.dll+0xdd47f]
V  [jvm.dll+0xddcc5]
V  [jvm.dll+0xddf12]
V  [jvm.dll+0x9fb6e]
V  [jvm.dll+0xa01f8]
V  [jvm.dll+0xa032a]
V  [jvm.dll+0xa0528]
V  [jvm.dll+0xe9e1a]
V  [jvm.dll+0x1076df]
V  [jvm.dll+0x19921f]
V  [jvm.dll+0x2247d7]
V  [jvm.dll+0x223a52]
V  [jvm.dll+0x223f01]
V  [jvm.dll+0x22411e]
V  [jvm.dll+0x26f64a]
C  [msvcr100.dll+0x21d9f]
C  [msvcr100.dll+0x21e3b]
C  [KERNEL32.DLL+0x17034]
C  [ntdll.dll+0x4cec1]

VM_Operation (0x000000001a53f180): GetOrSetLocal, mode: safepoint, requested by thread 0x0000000017d7c000


---------------  P R O C E S S  ---------------

Java Threads: ( => current thread )
  0x000000001c7bf000 JavaThread "java-sdk-http-connection-reaper" daemon [_thread_blocked, id=10224, stack(0x000000001e860000,0x000000001e960000)]
  0x000000001c397800 JavaThread "Abandoned connection cleanup thread" daemon [_thread_blocked, id=15356, stack(0x000000001da20000,0x000000001db20000)]
  0x0000000019c46000 JavaThread "Service Thread" daemon [_thread_blocked, id=1520, stack(0x000000001ab40000,0x000000001ac40000)]
  0x0000000019c01000 JavaThread "C1 CompilerThread3" daemon [_thread_blocked, id=3376, stack(0x000000001aa40000,0x000000001ab40000)]
  0x0000000019bef800 JavaThread "C2 CompilerThread2" daemon [_thread_blocked, id=10180, stack(0x000000001a940000,0x000000001aa40000)]
  0x0000000019bb0000 JavaThread "C2 CompilerThread1" daemon [_thread_blocked, id=7684, stack(0x000000001a840000,0x000000001a940000)]
  0x0000000019ba6800 JavaThread "C2 CompilerThread0" daemon [_thread_blocked, id=9124, stack(0x000000001a740000,0x000000001a840000)]
  0x0000000019b89800 JavaThread "JDWP Command Reader" daemon [_thread_in_native, id=2192, stack(0x000000001a640000,0x000000001a740000)]
  0x0000000019b84800 JavaThread "JDWP Event Helper Thread" daemon [_thread_blocked, id=18100, stack(0x000000001a540000,0x000000001a640000)]
  0x0000000017d7c000 JavaThread "JDWP Transport Listener: dt_socket" daemon [_thread_blocked, id=6452, stack(0x000000001a440000,0x000000001a540000)]
  0x0000000019b73800 JavaThread "Attach Listener" daemon [_thread_blocked, id=15384, stack(0x000000001a340000,0x000000001a440000)]
  0x0000000019b72800 JavaThread "Signal Dispatcher" daemon [_thread_blocked, id=3772, stack(0x000000001a240000,0x000000001a340000)]
  0x0000000019b61000 JavaThread "Finalizer" daemon [_thread_blocked, id=12752, stack(0x000000001a040000,0x000000001a140000)]
  0x0000000019b60800 JavaThread "Reference Handler" daemon [_thread_blocked, id=12808, stack(0x0000000019f40000,0x000000001a040000)]
  0x0000000002cfe800 JavaThread "main" [_thread_blocked, id=18068, stack(0x0000000002bb0000,0x0000000002cb0000)]

Other Threads:
=>0x0000000017d65000 VMThread [stack: 0x0000000019a40000,0x0000000019b40000] [id=17708]
  0x0000000019c4b000 WatcherThread [stack: 0x000000001ac40000,0x000000001ad40000] [id=13772]

VM state:at safepoint (normal execution)

VM Mutex/Monitor currently owned by a thread:  ([mutex/lock_event])
[0x0000000002d00c50] Threads_lock - owner thread: 0x0000000017d65000

heap address: 0x0000000081e00000, size: 2018 MB, Compressed Oops mode: 32-bit
Narrow klass base: 0x0000000000000000, Narrow klass shift: 3
Compressed class space size: 1073741824 Address: 0x0000000100000000

Heap:
 PSYoungGen      total 72704K, used 21402K [0x00000000d5f80000, 0x00000000dbe80000, 0x0000000100000000)
  eden space 66560K, 25% used [0x00000000d5f80000,0x00000000d7011418,0x00000000da080000)
  from space 6144K, 72% used [0x00000000da080000,0x00000000da4d5698,0x00000000da680000)
  to   space 6144K, 0% used [0x00000000db880000,0x00000000db880000,0x00000000dbe80000)
 ParOldGen       total 55808K, used 9515K [0x0000000081e00000, 0x0000000085480000, 0x00000000d5f80000)
  object space 55808K, 17% used [0x0000000081e00000,0x000000008274ae80,0x0000000085480000)
 Metaspace       used 33351K, capacity 33660K, committed 33920K, reserved 1079296K
  class space    used 4068K, capacity 4203K, committed 4224K, reserved 1048576K

Card table byte_map: [0x00000000121c0000,0x00000000125c0000] byte_map_base: 0x0000000011db1000

Marking Bits: (ParMarkBitMap*) 0x000000005bf5cf30
 Begin Bits: [0x0000000013070000, 0x0000000014ff8000)
 End Bits:   [0x0000000014ff8000, 0x0000000016f80000)

Polling page: 0x0000000001310000

CodeCache: size=245760Kb used=7519Kb max_used=7554Kb free=238240Kb
 bounds [0x0000000002e00000, 0x0000000003570000, 0x0000000011e00000]
 total_blobs=2733 nmethods=2263 adapters=391
 compilation: enabled

Compilation events (10 events):
Event: 46.996 Thread 0x0000000019c01000 2544       3       com.simba.athena.shaded.apache.http.impl.conn.CPoolProxy::getValidConnection (19 bytes)
Event: 46.996 Thread 0x0000000019c01000 nmethod 2544 0x0000000003038750 code [0x00000000030388e0, 0x0000000003038da8]
Event: 46.996 Thread 0x0000000019c01000 2545       3       com.simba.athena.shaded.apache.http.impl.conn.CPoolProxy::getConnection (19 bytes)
Event: 46.996 Thread 0x0000000019c01000 nmethod 2545 0x00000000030381d0 code [0x0000000003038340, 0x0000000003038690]
Event: 46.996 Thread 0x0000000019c01000 2546       3       com.simba.athena.shaded.apache.http.message.BufferedHeader::getValue (19 bytes)
Event: 46.996 Thread 0x0000000019c01000 nmethod 2546 0x0000000003037cd0 code [0x0000000003037e40, 0x0000000003038108]
Event: 46.996 Thread 0x0000000019c01000 2553       1       java.util.concurrent.atomic.AtomicInteger::get (5 bytes)
Event: 46.996 Thread 0x0000000019c01000 nmethod 2553 0x000000000331db10 code [0x000000000331dc60, 0x000000000331dd70]
Event: 47.007 Thread 0x0000000019ba6800 nmethod 2551 0x000000000311c2d0 code [0x000000000311c480, 0x000000000311d168]
Event: 47.011 Thread 0x0000000019bef800 nmethod 2547 0x00000000030d88d0 code [0x00000000030d8aa0, 0x00000000030d9910]

GC Heap History (10 events):
Event: 4.796 GC heap before
{Heap before GC invocations=10 (full 0):
 PSYoungGen      total 37376K, used 14402K [0x00000000d5f80000, 0x00000000d9c80000, 0x0000000100000000)
  eden space 31232K, 33% used [0x00000000d5f80000,0x00000000d69d56f0,0x00000000d7e00000)
  from space 6144K, 62% used [0x00000000d7e00000,0x00000000d81bb2d8,0x00000000d8400000)
  to   space 6144K, 0% used [0x00000000d9680000,0x00000000d9680000,0x00000000d9c80000)
 ParOldGen       total 87552K, used 3598K [0x0000000081e00000, 0x0000000087380000, 0x00000000d5f80000)
  object space 87552K, 4% used [0x0000000081e00000,0x0000000082183860,0x0000000087380000)
 Metaspace       used 20902K, capacity 21042K, committed 21248K, reserved 1067008K
  class space    used 2642K, capacity 2694K, committed 2816K, reserved 1048576K
Event: 4.799 GC heap after
Heap after GC invocations=10 (full 0):
 PSYoungGen      total 56320K, used 1493K [0x00000000d5f80000, 0x00000000d9c80000, 0x0000000100000000)
  eden space 50176K, 0% used [0x00000000d5f80000,0x00000000d5f80000,0x00000000d9080000)
  from space 6144K, 24% used [0x00000000d9680000,0x00000000d97f5498,0x00000000d9c80000)
  to   space 6144K, 0% used [0x00000000d9080000,0x00000000d9080000,0x00000000d9680000)
 ParOldGen       total 87552K, used 5307K [0x0000000081e00000, 0x0000000087380000, 0x00000000d5f80000)
  object space 87552K, 6% used [0x0000000081e00000,0x000000008232ecc8,0x0000000087380000)
 Metaspace       used 20902K, capacity 21042K, committed 21248K, reserved 1067008K
  class space    used 2642K, capacity 2694K, committed 2816K, reserved 1048576K
}
Event: 4.799 GC heap before
{Heap before GC invocations=11 (full 1):
 PSYoungGen      total 56320K, used 1493K [0x00000000d5f80000, 0x00000000d9c80000, 0x0000000100000000)
  eden space 50176K, 0% used [0x00000000d5f80000,0x00000000d5f80000,0x00000000d9080000)
  from space 6144K, 24% used [0x00000000d9680000,0x00000000d97f5498,0x00000000d9c80000)
  to   space 6144K, 0% used [0x00000000d9080000,0x00000000d9080000,0x00000000d9680000)
 ParOldGen       total 87552K, used 5307K [0x0000000081e00000, 0x0000000087380000, 0x00000000d5f80000)
  object space 87552K, 6% used [0x0000000081e00000,0x000000008232ecc8,0x0000000087380000)
 Metaspace       used 20902K, capacity 21042K, committed 21248K, reserved 1067008K
  class space    used 2642K, capacity 2694K, committed 2816K, reserved 1048576K
Event: 4.858 GC heap after
Heap after GC invocations=11 (full 1):
 PSYoungGen      total 56320K, used 0K [0x00000000d5f80000, 0x00000000d9c80000, 0x0000000100000000)
  eden space 50176K, 0% used [0x00000000d5f80000,0x00000000d5f80000,0x00000000d9080000)
  from space 6144K, 0% used [0x00000000d9680000,0x00000000d9680000,0x00000000d9c80000)
  to   space 6144K, 0% used [0x00000000d9080000,0x00000000d9080000,0x00000000d9680000)
 ParOldGen       total 55808K, used 6418K [0x0000000081e00000, 0x0000000085480000, 0x00000000d5f80000)
  object space 55808K, 11% used [0x0000000081e00000,0x0000000082444890,0x0000000085480000)
 Metaspace       used 20902K, capacity 21042K, committed 21248K, reserved 1067008K
  class space    used 2642K, capacity 2694K, committed 2816K, reserved 1048576K
}
Event: 5.856 GC heap before
{Heap before GC invocations=12 (full 1):
 PSYoungGen      total 56320K, used 50176K [0x00000000d5f80000, 0x00000000d9c80000, 0x0000000100000000)
  eden space 50176K, 100% used [0x00000000d5f80000,0x00000000d9080000,0x00000000d9080000)
  from space 6144K, 0% used [0x00000000d9680000,0x00000000d9680000,0x00000000d9c80000)
  to   space 6144K, 0% used [0x00000000d9080000,0x00000000d9080000,0x00000000d9680000)
 ParOldGen       total 55808K, used 6418K [0x0000000081e00000, 0x0000000085480000, 0x00000000d5f80000)
  object space 55808K, 11% used [0x0000000081e00000,0x0000000082444890,0x0000000085480000)
 Metaspace       used 24422K, capacity 24606K, committed 24960K, reserved 1071104K
  class space    used 3048K, capacity 3096K, committed 3200K, reserved 1048576K
Event: 5.860 GC heap after
Heap after GC invocations=12 (full 1):
 PSYoungGen      total 56320K, used 3712K [0x00000000d5f80000, 0x00000000dac80000, 0x0000000100000000)
  eden space 50176K, 0% used [0x00000000d5f80000,0x00000000d5f80000,0x00000000d9080000)
  from space 6144K, 60% used [0x00000000d9080000,0x00000000d94202d0,0x00000000d9680000)
  to   space 6144K, 0% used [0x00000000da680000,0x00000000da680000,0x00000000dac80000)
 ParOldGen       total 55808K, used 6426K [0x0000000081e00000, 0x0000000085480000, 0x00000000d5f80000)
  object space 55808K, 11% used [0x0000000081e00000,0x0000000082446890,0x0000000085480000)
 Metaspace       used 24422K, capacity 24606K, committed 24960K, reserved 1071104K
  class space    used 3048K, capacity 3096K, committed 3200K, reserved 1048576K
}
Event: 6.108 GC heap before
{Heap before GC invocations=13 (full 1):
 PSYoungGen      total 56320K, used 53888K [0x00000000d5f80000, 0x00000000dac80000, 0x0000000100000000)
  eden space 50176K, 100% used [0x00000000d5f80000,0x00000000d9080000,0x00000000d9080000)
  from space 6144K, 60% used [0x00000000d9080000,0x00000000d94202d0,0x00000000d9680000)
  to   space 6144K, 0% used [0x00000000da680000,0x00000000da680000,0x00000000dac80000)
 ParOldGen       total 55808K, used 6426K [0x0000000081e00000, 0x0000000085480000, 0x00000000d5f80000)
  object space 55808K, 11% used [0x0000000081e00000,0x0000000082446890,0x0000000085480000)
 Metaspace       used 26236K, capacity 26468K, committed 26752K, reserved 1073152K
  class space    used 3331K, capacity 3417K, committed 3456K, reserved 1048576K
Event: 6.111 GC heap after
Heap after GC invocations=13 (full 1):
 PSYoungGen      total 72704K, used 2999K [0x00000000d5f80000, 0x00000000dac80000, 0x0000000100000000)
  eden space 66560K, 0% used [0x00000000d5f80000,0x00000000d5f80000,0x00000000da080000)
  from space 6144K, 48% used [0x00000000da680000,0x00000000da96dd48,0x00000000dac80000)
  to   space 6144K, 0% used [0x00000000da080000,0x00000000da080000,0x00000000da680000)
 ParOldGen       total 55808K, used 8379K [0x0000000081e00000, 0x0000000085480000, 0x00000000d5f80000)
  object space 55808K, 15% used [0x0000000081e00000,0x000000008262efd0,0x0000000085480000)
 Metaspace       used 26236K, capacity 26468K, committed 26752K, reserved 1073152K
  class space    used 3331K, capacity 3417K, committed 3456K, reserved 1048576K
}
Event: 41.185 GC heap before
{Heap before GC invocations=14 (full 1):
 PSYoungGen      total 72704K, used 69559K [0x00000000d5f80000, 0x00000000dac80000, 0x0000000100000000)
  eden space 66560K, 100% used [0x00000000d5f80000,0x00000000da080000,0x00000000da080000)
  from space 6144K, 48% used [0x00000000da680000,0x00000000da96dd48,0x00000000dac80000)
  to   space 6144K, 0% used [0x00000000da080000,0x00000000da080000,0x00000000da680000)
 ParOldGen       total 55808K, used 8379K [0x0000000081e00000, 0x0000000085480000, 0x00000000d5f80000)
  object space 55808K, 15% used [0x0000000081e00000,0x000000008262efd0,0x0000000085480000)
 Metaspace       used 31695K, capacity 31996K, committed 32384K, reserved 1077248K
  class space    used 4022K, capacity 4123K, committed 4224K, reserved 1048576K
Event: 41.190 GC heap after
Heap after GC invocations=14 (full 1):
 PSYoungGen      total 72704K, used 4437K [0x00000000d5f80000, 0x00000000dbe80000, 0x0000000100000000)
  eden space 66560K, 0% used [0x00000000d5f80000,0x00000000d5f80000,0x00000000da080000)
  from space 6144K, 72% used [0x00000000da080000,0x00000000da4d5698,0x00000000da680000)
  to   space 6144K, 0% used [0x00000000db880000,0x00000000db880000,0x00000000dbe80000)
 ParOldGen       total 55808K, used 9515K [0x0000000081e00000, 0x0000000085480000, 0x00000000d5f80000)
  object space 55808K, 17% used [0x0000000081e00000,0x000000008274ae80,0x0000000085480000)
 Metaspace       used 31695K, capacity 31996K, committed 32384K, reserved 1077248K
  class space    used 4022K, capacity 4123K, committed 4224K, reserved 1048576K
}

Deoptimization events (10 events):
Event: 6.733 Thread 0x0000000002cfe800 Uncommon trap: reason=unstable_if action=reinterpret pc=0x0000000003438fb4 method=java.util.Arrays.equals([B[B)Z @ 23
Event: 10.165 Thread 0x0000000002cfe800 Uncommon trap: reason=bimorphic action=maybe_recompile pc=0x0000000003509f30 method=java.util.HashMap.putVal(ILjava/lang/Object;Ljava/lang/Object;ZZ)Ljava/lang/Object; @ 253
Event: 10.612 Thread 0x0000000002cfe800 Uncommon trap: reason=unstable_if action=reinterpret pc=0x00000000035316d0 method=com.simba.athena.shaded.fasterxml.jackson.core.json.UTF8StreamJsonParser._skipString()V @ 95
Event: 10.656 Thread 0x0000000002cfe800 Uncommon trap: reason=unstable_if action=reinterpret pc=0x0000000003506670 method=java.util.regex.Pattern$SliceI.match(Ljava/util/regex/Matcher;ILjava/lang/CharSequence;)Z @ 29
Event: 11.444 Thread 0x0000000002cfe800 Uncommon trap: reason=bimorphic action=maybe_recompile pc=0x0000000003509f30 method=java.util.HashMap.putVal(ILjava/lang/Object;Ljava/lang/Object;ZZ)Ljava/lang/Object; @ 253
Event: 12.649 Thread 0x0000000002cfe800 Uncommon trap: reason=bimorphic action=maybe_recompile pc=0x0000000003509f30 method=java.util.HashMap.putVal(ILjava/lang/Object;Ljava/lang/Object;ZZ)Ljava/lang/Object; @ 253
Event: 12.899 Thread 0x0000000002cfe800 Uncommon trap: reason=bimorphic action=maybe_recompile pc=0x0000000003509f30 method=java.util.HashMap.putVal(ILjava/lang/Object;Ljava/lang/Object;ZZ)Ljava/lang/Object; @ 253
Event: 14.547 Thread 0x0000000002cfe800 Uncommon trap: reason=unstable_if action=reinterpret pc=0x00000000030d676c method=java.util.HashMap.hash(Ljava/lang/Object;)I @ 1
Event: 41.203 Thread 0x0000000019b61000 Uncommon trap: reason=unstable_if action=reinterpret pc=0x0000000003504ce0 method=java.util.HashMap$HashIterator.<init>(Ljava/util/HashMap;)V @ 45
Event: 41.203 Thread 0x0000000019b61000 Uncommon trap: reason=unstable_if action=reinterpret pc=0x00000000034df8ac method=java.util.HashMap$HashIterator.<init>(Ljava/util/HashMap;)V @ 45

Classes redefined (3 events):
Event: 692.818 Thread 0x0000000017d65000 redefined class name=com.eph.automation.testing.web.steps.BCS_ETLCore.BCS_ETLCoreDataChecksSteps, count=1
Event: 1499.276 Thread 0x0000000017d65000 redefined class name=com.eph.automation.testing.web.steps.BCS_ETLCore.BCS_ETLCoreDataChecksSteps, count=2
Event: 1743.908 Thread 0x0000000017d65000 redefined class name=com.eph.automation.testing.web.steps.BCS_ETLCore.BCS_ETLCoreDataChecksSteps, count=3

Internal exceptions (10 events):
Event: 4.985 Thread 0x0000000002cfe800 Exception <a 'java/lang/ClassNotFoundException': groovy/lang/MetaClassImplCustomizer> (0x00000000d6eacbd0) thrown at [C:\cygwin64\tmp\openjdk-jdk8u-windows-x64-hotspot\workspace\build\src\hotspot\src\share\vm\classfile\systemDictionary.cpp, line 210]
Event: 4.989 Thread 0x0000000002cfe800 Exception <a 'java/lang/ClassNotFoundException': groovy/lang/ExpandoMetaClassCustomizer> (0x00000000d6f0b558) thrown at [C:\cygwin64\tmp\openjdk-jdk8u-windows-x64-hotspot\workspace\build\src\hotspot\src\share\vm\classfile\systemDictionary.cpp, line 210]
Event: 6.765 Thread 0x0000000002cfe800 Exception <a 'java/lang/NoSuchFieldError': method resolution failed> (0x00000000d7759c18) thrown at [C:\cygwin64\tmp\openjdk-jdk8u-windows-x64-hotspot\workspace\build\src\hotspot\src\share\vm\prims\methodHandles.cpp, line 1167]
Event: 6.766 Thread 0x0000000002cfe800 Exception <a 'java/lang/NoSuchFieldError': method resolution failed> (0x00000000d7767a38) thrown at [C:\cygwin64\tmp\openjdk-jdk8u-windows-x64-hotspot\workspace\build\src\hotspot\src\share\vm\prims\methodHandles.cpp, line 1167]
Event: 8.550 Thread 0x0000000002cfe800 Exception <a 'java/lang/NullPointerException'> (0x00000000d85544e8) thrown at [C:\cygwin64\tmp\openjdk-jdk8u-windows-x64-hotspot\workspace\build\src\hotspot\src\share\vm\interpreter\linkResolver.cpp, line 1287]
Event: 10.165 Thread 0x0000000002cfe800 Exception <a 'java/lang/NullPointerException'> (0x00000000d88fb570) thrown at [C:\cygwin64\tmp\openjdk-jdk8u-windows-x64-hotspot\workspace\build\src\hotspot\src\share\vm\interpreter\linkResolver.cpp, line 1287]
Event: 14.547 Thread 0x0000000002cfe800 Implicit null exception at 0x00000000030d66ef to 0x00000000030d675d
Event: 38.245 Thread 0x0000000002cfe800 Exception <a 'java/lang/NoClassDefFoundError': org/slf4j/impl/StaticLoggerBinder> (0x00000000d98f64c8) thrown at [C:\cygwin64\tmp\openjdk-jdk8u-windows-x64-hotspot\workspace\build\src\hotspot\src\share\vm\classfile\systemDictionary.cpp, line 199]
Event: 46.403 Thread 0x0000000002cfe800 Exception <a 'java/lang/ClassNotFoundException': com/eph/automation/testing/models/dao/BCS_ETLCore/BCS_ETLCoreDLAccessObjectBeanInfo> (0x00000000d6bba420) thrown at [C:\cygwin64\tmp\openjdk-jdk8u-windows-x64-hotspot\workspace\build\src\hotspot\src\share\v
Event: 46.409 Thread 0x0000000002cfe800 Exception <a 'java/lang/ClassNotFoundException': com/eph/automation/testing/models/dao/BCS_ETLCore/BCS_ETLCoreDLAccessObjectCustomizer> (0x00000000d6c1f568) thrown at [C:\cygwin64\tmp\openjdk-jdk8u-windows-x64-hotspot\workspace\build\src\hotspot\src\share

Events (10 events):
Event: 1743.862 Executing VM operation: ChangeBreakpoints done
Event: 1743.863 Executing VM operation: ChangeBreakpoints
Event: 1743.863 Executing VM operation: ChangeBreakpoints done
Event: 1743.864 Executing VM operation: ChangeBreakpoints
Event: 1743.864 Executing VM operation: ChangeBreakpoints done
Event: 1743.865 Executing VM operation: ChangeBreakpoints
Event: 1743.865 Executing VM operation: ChangeBreakpoints done
Event: 1743.891 Executing VM operation: RedefineClasses
Event: 1743.909 Executing VM operation: RedefineClasses done
Event: 1743.910 Executing VM operation: GetOrSetLocal


Dynamic libraries:
0x00007ff6a8470000 - 0x00007ff6a84a5000 	C:\Program Files\AdoptOpenJDK\jdk-8.0.202.08\bin\java.exe
0x00007ffaaceb0000 - 0x00007ffaad0a6000 	C:\WINDOWS\SYSTEM32\ntdll.dll
0x00007ffaabe30000 - 0x00007ffaabeed000 	C:\WINDOWS\System32\KERNEL32.DLL
0x00007ffaaaa00000 - 0x00007ffaaacc8000 	C:\WINDOWS\System32\KERNELBASE.dll
0x00007ffaab850000 - 0x00007ffaab8fa000 	C:\WINDOWS\System32\ADVAPI32.dll
0x00007ffaab7b0000 - 0x00007ffaab84e000 	C:\WINDOWS\System32\msvcrt.dll
0x00007ffaacc10000 - 0x00007ffaaccab000 	C:\WINDOWS\System32\sechost.dll
0x00007ffaacd10000 - 0x00007ffaace34000 	C:\WINDOWS\System32\RPCRT4.dll
0x00007ffaaba30000 - 0x00007ffaabbd0000 	C:\WINDOWS\System32\USER32.dll
0x00007ffaaa720000 - 0x00007ffaaa742000 	C:\WINDOWS\System32\win32u.dll
0x00007ffaab660000 - 0x00007ffaab68a000 	C:\WINDOWS\System32\GDI32.dll
0x00007ffaaade0000 - 0x00007ffaaaee9000 	C:\WINDOWS\System32\gdi32full.dll
0x00007ffaaa680000 - 0x00007ffaaa71d000 	C:\WINDOWS\System32\msvcp_win.dll
0x00007ffaaa900000 - 0x00007ffaaaa00000 	C:\WINDOWS\System32\ucrtbase.dll
0x00007ffa952e0000 - 0x00007ffa9557b000 	C:\WINDOWS\WinSxS\amd64_microsoft.windows.common-controls_6595b64144ccf1df_6.0.19041.488_none_ca04af081b815d21\COMCTL32.dll
0x00007ffaace40000 - 0x00007ffaace70000 	C:\WINDOWS\System32\IMM32.DLL
0x00000000012e0000 - 0x00000000012f2000 	C:\WINDOWS\System32\umppc12309.dll
0x000000005bfe0000 - 0x000000005c0b2000 	C:\Program Files\AdoptOpenJDK\jdk-8.0.202.08\jre\bin\msvcr100.dll
0x000000005b790000 - 0x000000005bfd9000 	C:\Program Files\AdoptOpenJDK\jdk-8.0.202.08\jre\bin\server\jvm.dll
0x00007ffaac970000 - 0x00007ffaac978000 	C:\WINDOWS\System32\PSAPI.DLL
0x00007ffa939d0000 - 0x00007ffa939d9000 	C:\WINDOWS\SYSTEM32\WSOCK32.dll
0x00007ffaac980000 - 0x00007ffaac9eb000 	C:\WINDOWS\System32\WS2_32.dll
0x00007ffa977e0000 - 0x00007ffa97807000 	C:\WINDOWS\SYSTEM32\WINMM.dll
0x00007ffa9f000000 - 0x00007ffa9f00a000 	C:\WINDOWS\SYSTEM32\VERSION.dll
0x00007ffaa4690000 - 0x00007ffaa469f000 	C:\Program Files\AdoptOpenJDK\jdk-8.0.202.08\jre\bin\verify.dll
0x00007ffaa1110000 - 0x00007ffaa1139000 	C:\Program Files\AdoptOpenJDK\jdk-8.0.202.08\jre\bin\java.dll
0x00007ffaa0fc0000 - 0x00007ffaa0ff5000 	C:\Program Files\AdoptOpenJDK\jdk-8.0.202.08\jre\bin\jdwp.dll
0x00007ffaa14f0000 - 0x00007ffaa14f8000 	C:\Program Files\AdoptOpenJDK\jdk-8.0.202.08\jre\bin\npt.dll
0x00007ffaa12f0000 - 0x00007ffaa1306000 	C:\Program Files\AdoptOpenJDK\jdk-8.0.202.08\jre\bin\zip.dll
0x00007ffaaaf20000 - 0x00007ffaab660000 	C:\WINDOWS\System32\SHELL32.dll
0x00007ffaa8510000 - 0x00007ffaa8ca4000 	C:\WINDOWS\SYSTEM32\windows.storage.dll
0x00007ffaac530000 - 0x00007ffaac885000 	C:\WINDOWS\System32\combase.dll
0x00007ffaa9fa0000 - 0x00007ffaa9fcc000 	C:\WINDOWS\SYSTEM32\Wldp.dll
0x00007ffaac9f0000 - 0x00007ffaaca9e000 	C:\WINDOWS\System32\SHCORE.dll
0x00007ffaacaa0000 - 0x00007ffaacaf5000 	C:\WINDOWS\System32\shlwapi.dll
0x00007ffaaa530000 - 0x00007ffaaa556000 	C:\WINDOWS\SYSTEM32\profapi.dll
0x00007ffaa12b0000 - 0x00007ffaa12b9000 	C:\Program Files\AdoptOpenJDK\jdk-8.0.202.08\jre\bin\dt_socket.dll
0x00007ffaa9d20000 - 0x00007ffaa9d8a000 	C:\WINDOWS\system32\mswsock.dll
0x00007ffaa09e0000 - 0x00007ffaa09ed000 	C:\Program Files\AdoptOpenJDK\jdk-8.0.202.08\jre\bin\management.dll
0x00007ffaa1260000 - 0x00007ffaa127a000 	C:\Program Files\AdoptOpenJDK\jdk-8.0.202.08\jre\bin\net.dll
0x00007ffa958a0000 - 0x00007ffa95a8d000 	C:\WINDOWS\SYSTEM32\urlmon.dll
0x00007ffa97850000 - 0x00007ffa97b00000 	C:\WINDOWS\SYSTEM32\iertutil.dll
0x00007ffaa00b0000 - 0x00007ffaa00c2000 	C:\Program Files\AdoptOpenJDK\jdk-8.0.202.08\jre\bin\nio.dll
0x00007ffa91920000 - 0x00007ffa91944000 	C:\Program Files\AdoptOpenJDK\jdk-8.0.202.08\jre\bin\sunec.dll
0x00007ffaa9ef0000 - 0x00007ffaa9f08000 	C:\WINDOWS\SYSTEM32\CRYPTSP.dll
0x00007ffaa95b0000 - 0x00007ffaa95e4000 	C:\WINDOWS\system32\rsaenh.dll
0x00007ffaaaef0000 - 0x00007ffaaaf17000 	C:\WINDOWS\System32\bcrypt.dll
0x00007ffaaa4f0000 - 0x00007ffaaa51e000 	C:\WINDOWS\SYSTEM32\USERENV.dll
0x00007ffaaa600000 - 0x00007ffaaa67f000 	C:\WINDOWS\System32\bcryptprimitives.dll
0x00007ffaa9f10000 - 0x00007ffaa9f1c000 	C:\WINDOWS\SYSTEM32\CRYPTBASE.dll
0x00007ffaa9a10000 - 0x00007ffaa9a4b000 	C:\WINDOWS\SYSTEM32\IPHLPAPI.DLL
0x00007ffaabef0000 - 0x00007ffaabef9000 	C:\WINDOWS\System32\NSI.dll
0x00007ffaa1630000 - 0x00007ffaa1647000 	C:\WINDOWS\SYSTEM32\dhcpcsvc6.DLL
0x00007ffaa14c0000 - 0x00007ffaa14dd000 	C:\WINDOWS\SYSTEM32\dhcpcsvc.DLL
0x00007ffaa9a50000 - 0x00007ffaa9b1b000 	C:\WINDOWS\SYSTEM32\DNSAPI.dll
0x00007ffaa06d0000 - 0x00007ffaa06da000 	C:\Windows\System32\rasadhlp.dll
0x00007ffaa1a10000 - 0x00007ffaa1a8f000 	C:\WINDOWS\System32\fwpuclnt.dll
0x00007ffaa0020000 - 0x00007ffaa002b000 	C:\Program Files\AdoptOpenJDK\jdk-8.0.202.08\jre\bin\sunmscapi.dll
0x00007ffaaa7a0000 - 0x00007ffaaa8fd000 	C:\WINDOWS\System32\CRYPT32.dll
0x00007ffaa8300000 - 0x00007ffaa84e4000 	C:\WINDOWS\SYSTEM32\dbghelp.dll

VM Arguments:
jvm_args: -agentlib:jdwp=transport=dt_socket,address=127.0.0.1:61862,suspend=y,server=n -Dorg.jetbrains.run.directory=C:\Users\sureshkumard\OneDrive - Reed Elsevier Group ICO Reed Elsevier Inc\Desktop\EPH-Regression-Tests\src\main\resources\features\BCSETLCore -Dfile.encoding=UTF-8 
java_command: com.intellij.rt.execution.CommandLineWrapper C:\Users\sureshkumard\AppData\Local\Temp\idea_classpath cucumber.api.cli.Main --plugin org.jetbrains.plugins.cucumber.java.run.CucumberJvmSMFormatter --monochrome --name ^Verify Data for BCS_ETL Core tables is transferred from Inbound Tables$ --glue com.eph.automation.testing.common.hooks --glue com.eph.automation.testing.web.steps.BCS_ETLCore C:/Users/sureshkumard/OneDrive - Reed Elsevier Group ICO Reed Elsevier Inc/Desktop/EPH-Regression-Tests/src/main/resources/features/BCSETLCore/BCS_ETLCoreDataChecks.feature
java_class_path (initial): C:\Program Files\JetBrains\IntelliJ IDEA Community Edition 2017.2.6\lib\idea_rt.jar
Launcher Type: SUN_STANDARD

Environment Variables:
JAVA_HOME=C:\Program Files\AdoptOpenJDK\jdk-8.0.202.08\
PATH=C:\Program Files (x86)\OpenJDK\jdk8u181-b13\bin;C:\Program Files\AdoptOpenJDK\jdk-8.0.202.08\bin;C:\Program Files (x86)\Common Files\Oracle\Java\javapath;C:\WINDOWS\system32;C:\WINDOWS;C:\WINDOWS\System32\Wbem;C:\WINDOWS\System32\WindowsPowerShell\v1.0\;C:\WINDOWS\System32\OpenSSH\;C:\Program Files\Git\cmd;C:\Program Files (x86)\Intel\Intel(R) Management Engine Components\DAL;C:\Program Files\Intel\Intel(R) Management Engine Components\DAL;C:\apache-maven-3.2.2\bin;C:\Users\sureshkumard\AppData\Local\Microsoft\WindowsApps;
USERNAME=SURESHKUMARD
OS=Windows_NT
PROCESSOR_IDENTIFIER=Intel64 Family 6 Model 142 Stepping 10, GenuineIntel



---------------  S Y S T E M  ---------------

OS: Windows 10.0 , 64 bit Build 19041 (10.0.19041.546)

CPU:total 8 (initial active 8) (4 cores per cpu, 2 threads per core) family 6 model 142 stepping 10, cmov, cx8, fxsr, mmx, sse, sse2, sse3, ssse3, sse4.1, sse4.2, popcnt, avx, avx2, aes, clmul, erms, rtm, 3dnowpref, lzcnt, ht, tsc, tscinvbit, bmi1, bmi2, adx

Memory: 4k page, physical 8265136k(1530360k free), swap 13245872k(3324384k free)

vm_info: OpenJDK 64-Bit Server VM (25.202-b08) for windows-amd64 JRE (1.8.0_202-b08), built on Jan 17 2019 17:10:34 by "jenkins" with MS VC++ 10.0 (VS2010)

time: Wed Nov 11 21:44:24 2020
timezone: India Standard Time
elapsed time: 1743 seconds (0d 0h 29m 3s)

