#
# A fatal error has been detected by the Java Runtime Environment:
#
#  Internal Error (generateOopMap.cpp:1623), pid=16476, tid=0x000000000000509c
#  Error: ShouldNotReachHere()
#
# JRE version: OpenJDK Runtime Environment (8.0_202-b08) (build 1.8.0_202-b08)
# Java VM: OpenJDK 64-Bit Server VM (25.202-b08 mixed mode windows-amd64 compressed oops)
# Failed to write core dump. Minidumps are not enabled by default on client versions of Windows
#
# If you would like to submit a bug report, please visit:
#   http://bugreport.java.com/bugreport/crash.jsp
#

---------------  T H R E A D  ---------------

Current thread (0x00000000178c5800):  VMThread [stack: 0x00000000195d0000,0x00000000196d0000] [id=20636]

Stack: [0x00000000195d0000,0x00000000196d0000]
[error occurred during error reporting (printing stack bounds), id 0xc0000005]

Native frames: (J=compiled Java code, j=interpreted, Vv=VM code, C=native code)

VM_Operation (0x000000001a0cf950): GetOrSetLocal, mode: safepoint, requested by thread 0x000000001970c000


---------------  P R O C E S S  ---------------

Java Threads: ( => current thread )
  0x000000001d11e000 JavaThread "Abandoned connection cleanup thread" daemon [_thread_blocked, id=20532, stack(0x000000001e5b0000,0x000000001e6b0000)]
  0x000000001977c000 JavaThread "Service Thread" daemon [_thread_blocked, id=15300, stack(0x000000001a6d0000,0x000000001a7d0000)]
  0x000000001973e000 JavaThread "C1 CompilerThread3" daemon [_thread_blocked, id=11556, stack(0x000000001a5d0000,0x000000001a6d0000)]
  0x000000001973c800 JavaThread "C2 CompilerThread2" daemon [_thread_blocked, id=2824, stack(0x000000001a4d0000,0x000000001a5d0000)]
  0x000000001973b800 JavaThread "C2 CompilerThread1" daemon [_thread_blocked, id=8340, stack(0x000000001a3d0000,0x000000001a4d0000)]
  0x0000000019736000 JavaThread "C2 CompilerThread0" daemon [_thread_blocked, id=18916, stack(0x000000001a2d0000,0x000000001a3d0000)]
  0x0000000019718800 JavaThread "JDWP Command Reader" daemon [_thread_in_native, id=20648, stack(0x000000001a1d0000,0x000000001a2d0000)]
  0x0000000019717800 JavaThread "JDWP Event Helper Thread" daemon [_thread_blocked, id=12912, stack(0x000000001a0d0000,0x000000001a1d0000)]
  0x000000001970c000 JavaThread "JDWP Transport Listener: dt_socket" daemon [_thread_blocked, id=22428, stack(0x0000000019fd0000,0x000000001a0d0000)]
  0x0000000019704000 JavaThread "Attach Listener" daemon [_thread_blocked, id=14352, stack(0x0000000019ed0000,0x0000000019fd0000)]
  0x0000000019703000 JavaThread "Signal Dispatcher" daemon [_thread_blocked, id=5880, stack(0x0000000019dd0000,0x0000000019ed0000)]
  0x00000000178d1800 JavaThread "Finalizer" daemon [_thread_in_Java, id=21672, stack(0x0000000019bd0000,0x0000000019cd0000)]
  0x00000000178ca800 JavaThread "Reference Handler" daemon [_thread_blocked, id=21084, stack(0x0000000019ad0000,0x0000000019bd0000)]
  0x0000000002862800 JavaThread "main" [_thread_blocked, id=17564, stack(0x00000000026c0000,0x00000000027c0000)]

Other Threads:
=>0x00000000178c5800 VMThread [stack: 0x00000000195d0000,0x00000000196d0000] [id=20636]
  0x0000000019780800 WatcherThread [stack: 0x000000001a7d0000,0x000000001a8d0000] [id=21296]

VM state:at safepoint (normal execution)

VM Mutex/Monitor currently owned by a thread:  ([mutex/lock_event])
[0x00000000027ee6b0] Threads_lock - owner thread: 0x00000000178c5800

heap address: 0x0000000081e00000, size: 2018 MB, Compressed Oops mode: 32-bit
Narrow klass base: 0x0000000000000000, Narrow klass shift: 3
Compressed class space size: 1073741824 Address: 0x0000000100000000

Heap:
 PSYoungGen      total 38400K, used 855K [0x00000000d5f80000, 0x00000000d8a00000, 0x0000000100000000)
  eden space 33280K, 2% used [0x00000000d5f80000,0x00000000d6055d70,0x00000000d8000000)
  from space 5120K, 0% used [0x00000000d8500000,0x00000000d8500000,0x00000000d8a00000)
  to   space 5120K, 0% used [0x00000000d8000000,0x00000000d8000000,0x00000000d8500000)
 ParOldGen       total 43008K, used 6868K [0x0000000081e00000, 0x0000000084800000, 0x00000000d5f80000)
  object space 43008K, 15% used [0x0000000081e00000,0x00000000824b53d0,0x0000000084800000)
 Metaspace       used 21448K, capacity 21612K, committed 21808K, reserved 1069056K
  class space    used 2662K, capacity 2747K, committed 2816K, reserved 1048576K

Card table byte_map: [0x0000000011d20000,0x0000000012120000] byte_map_base: 0x0000000011911000

Marking Bits: (ParMarkBitMap*) 0x000000006f18cf30
 Begin Bits: [0x0000000012bd0000, 0x0000000014b58000)
 End Bits:   [0x0000000014b58000, 0x0000000016ae0000)

Polling page: 0x0000000000e10000

CodeCache: size=245760Kb used=5840Kb max_used=5853Kb free=239919Kb
 bounds [0x0000000002960000, 0x0000000002f20000, 0x0000000011960000]
 total_blobs=2022 nmethods=1573 adapters=370
 compilation: enabled

Compilation events (10 events):
Event: 17.672 Thread 0x000000001973e000 1594       3       com.sun.crypto.provider.GHASH::processBlock (63 bytes)
Event: 17.672 Thread 0x000000001973e000 nmethod 1594 0x0000000002a71a50 code [0x0000000002a71c00, 0x0000000002a71f58]
Event: 17.673 Thread 0x000000001973e000 1595       3       java.lang.CharacterDataLatin1::isJavaIdentifierPart (20 bytes)
Event: 17.673 Thread 0x000000001973e000 nmethod 1595 0x0000000002a714d0 code [0x0000000002a71640, 0x0000000002a71890]
Event: 17.673 Thread 0x000000001973e000 1596   !   3       java.util.Collections$SynchronizedMap::put (28 bytes)
Event: 17.673 Thread 0x000000001973e000 nmethod 1596 0x0000000002ab3a10 code [0x0000000002ab3b80, 0x0000000002ab3f88]
Event: 17.673 Thread 0x000000001973e000 1597       3       java.util.AbstractCollection::isEmpty (13 bytes)
Event: 17.673 Thread 0x000000001973e000 nmethod 1597 0x0000000002f113d0 code [0x0000000002f11540, 0x0000000002f117a8]
Event: 6720.483 Thread 0x0000000019736000 1601   !   4       java.lang.ref.Reference::tryHandlePending (115 bytes)
Event: 6720.511 Thread 0x0000000019736000 nmethod 1601 0x0000000002f19450 code [0x0000000002f19600, 0x0000000002f1a0a8]

GC Heap History (10 events):
Event: 1.077 GC heap before
{Heap before GC invocations=1 (full 0):
 PSYoungGen      total 38400K, used 33280K [0x00000000d5f80000, 0x00000000d8a00000, 0x0000000100000000)
  eden space 33280K, 100% used [0x00000000d5f80000,0x00000000d8000000,0x00000000d8000000)
  from space 5120K, 0% used [0x00000000d8500000,0x00000000d8500000,0x00000000d8a00000)
  to   space 5120K, 0% used [0x00000000d8000000,0x00000000d8000000,0x00000000d8500000)
 ParOldGen       total 87552K, used 0K [0x0000000081e00000, 0x0000000087380000, 0x00000000d5f80000)
  object space 87552K, 0% used [0x0000000081e00000,0x0000000081e00000,0x0000000087380000)
 Metaspace       used 5642K, capacity 6336K, committed 6528K, reserved 1056768K
  class space    used 782K, capacity 812K, committed 896K, reserved 1048576K
Event: 1.082 GC heap after
Heap after GC invocations=1 (full 0):
 PSYoungGen      total 38400K, used 4163K [0x00000000d5f80000, 0x00000000d8a00000, 0x0000000100000000)
  eden space 33280K, 0% used [0x00000000d5f80000,0x00000000d5f80000,0x00000000d8000000)
  from space 5120K, 81% used [0x00000000d8000000,0x00000000d8410db0,0x00000000d8500000)
  to   space 5120K, 0% used [0x00000000d8500000,0x00000000d8500000,0x00000000d8a00000)
 ParOldGen       total 87552K, used 8K [0x0000000081e00000, 0x0000000087380000, 0x00000000d5f80000)
  object space 87552K, 0% used [0x0000000081e00000,0x0000000081e02000,0x0000000087380000)
 Metaspace       used 5642K, capacity 6336K, committed 6528K, reserved 1056768K
  class space    used 782K, capacity 812K, committed 896K, reserved 1048576K
}
Event: 1.656 GC heap before
{Heap before GC invocations=2 (full 0):
 PSYoungGen      total 38400K, used 37443K [0x00000000d5f80000, 0x00000000d8a00000, 0x0000000100000000)
  eden space 33280K, 100% used [0x00000000d5f80000,0x00000000d8000000,0x00000000d8000000)
  from space 5120K, 81% used [0x00000000d8000000,0x00000000d8410db0,0x00000000d8500000)
  to   space 5120K, 0% used [0x00000000d8500000,0x00000000d8500000,0x00000000d8a00000)
 ParOldGen       total 87552K, used 8K [0x0000000081e00000, 0x0000000087380000, 0x00000000d5f80000)
  object space 87552K, 0% used [0x0000000081e00000,0x0000000081e02000,0x0000000087380000)
 Metaspace       used 9890K, capacity 10042K, committed 10240K, reserved 1058816K
  class space    used 1352K, capacity 1426K, committed 1536K, reserved 1048576K
Event: 1.661 GC heap after
Heap after GC invocations=2 (full 0):
 PSYoungGen      total 38400K, used 5103K [0x00000000d5f80000, 0x00000000d8a00000, 0x0000000100000000)
  eden space 33280K, 0% used [0x00000000d5f80000,0x00000000d5f80000,0x00000000d8000000)
  from space 5120K, 99% used [0x00000000d8500000,0x00000000d89fbdf0,0x00000000d8a00000)
  to   space 5120K, 0% used [0x00000000d8000000,0x00000000d8000000,0x00000000d8500000)
 ParOldGen       total 87552K, used 235K [0x0000000081e00000, 0x0000000087380000, 0x00000000d5f80000)
  object space 87552K, 0% used [0x0000000081e00000,0x0000000081e3ac40,0x0000000087380000)
 Metaspace       used 9890K, capacity 10042K, committed 10240K, reserved 1058816K
  class space    used 1352K, capacity 1426K, committed 1536K, reserved 1048576K
}
Event: 2.276 GC heap before
{Heap before GC invocations=3 (full 0):
 PSYoungGen      total 38400K, used 38383K [0x00000000d5f80000, 0x00000000d8a00000, 0x0000000100000000)
  eden space 33280K, 100% used [0x00000000d5f80000,0x00000000d8000000,0x00000000d8000000)
  from space 5120K, 99% used [0x00000000d8500000,0x00000000d89fbdf0,0x00000000d8a00000)
  to   space 5120K, 0% used [0x00000000d8000000,0x00000000d8000000,0x00000000d8500000)
 ParOldGen       total 87552K, used 235K [0x0000000081e00000, 0x0000000087380000, 0x00000000d5f80000)
  object space 87552K, 0% used [0x0000000081e00000,0x0000000081e3ac40,0x0000000087380000)
 Metaspace       used 13888K, capacity 14048K, committed 14208K, reserved 1060864K
  class space    used 1827K, capacity 1907K, committed 1920K, reserved 1048576K
Event: 2.282 GC heap after
Heap after GC invocations=3 (full 0):
 PSYoungGen      total 38400K, used 5116K [0x00000000d5f80000, 0x00000000d8a00000, 0x0000000100000000)
  eden space 33280K, 0% used [0x00000000d5f80000,0x00000000d5f80000,0x00000000d8000000)
  from space 5120K, 99% used [0x00000000d8000000,0x00000000d84ff340,0x00000000d8500000)
  to   space 5120K, 0% used [0x00000000d8500000,0x00000000d8500000,0x00000000d8a00000)
 ParOldGen       total 87552K, used 621K [0x0000000081e00000, 0x0000000087380000, 0x00000000d5f80000)
  object space 87552K, 0% used [0x0000000081e00000,0x0000000081e9b690,0x0000000087380000)
 Metaspace       used 13888K, capacity 14048K, committed 14208K, reserved 1060864K
  class space    used 1827K, capacity 1907K, committed 1920K, reserved 1048576K
}
Event: 6570.774 GC heap before
{Heap before GC invocations=4 (full 0):
 PSYoungGen      total 38400K, used 32713K [0x00000000d5f80000, 0x00000000d8a00000, 0x0000000100000000)
  eden space 33280K, 82% used [0x00000000d5f80000,0x00000000d7a733e8,0x00000000d8000000)
  from space 5120K, 99% used [0x00000000d8000000,0x00000000d84ff340,0x00000000d8500000)
  to   space 5120K, 0% used [0x00000000d8500000,0x00000000d8500000,0x00000000d8a00000)
 ParOldGen       total 87552K, used 621K [0x0000000081e00000, 0x0000000087380000, 0x00000000d5f80000)
  object space 87552K, 0% used [0x0000000081e00000,0x0000000081e9b690,0x0000000087380000)
 Metaspace       used 20989K, capacity 21192K, committed 21296K, reserved 1069056K
  class space    used 2645K, capacity 2739K, committed 2816K, reserved 1048576K
Event: 6570.890 GC heap after
Heap after GC invocations=4 (full 0):
 PSYoungGen      total 38400K, used 5104K [0x00000000d5f80000, 0x00000000d8a00000, 0x0000000100000000)
  eden space 33280K, 0% used [0x00000000d5f80000,0x00000000d5f80000,0x00000000d8000000)
  from space 5120K, 99% used [0x00000000d8500000,0x00000000d89fc188,0x00000000d8a00000)
  to   space 5120K, 0% used [0x00000000d8000000,0x00000000d8000000,0x00000000d8500000)
 ParOldGen       total 87552K, used 3241K [0x0000000081e00000, 0x0000000087380000, 0x00000000d5f80000)
  object space 87552K, 3% used [0x0000000081e00000,0x000000008212a520,0x0000000087380000)
 Metaspace       used 20989K, capacity 21192K, committed 21296K, reserved 1069056K
  class space    used 2645K, capacity 2739K, committed 2816K, reserved 1048576K
}
Event: 6570.890 GC heap before
{Heap before GC invocations=5 (full 1):
 PSYoungGen      total 38400K, used 5104K [0x00000000d5f80000, 0x00000000d8a00000, 0x0000000100000000)
  eden space 33280K, 0% used [0x00000000d5f80000,0x00000000d5f80000,0x00000000d8000000)
  from space 5120K, 99% used [0x00000000d8500000,0x00000000d89fc188,0x00000000d8a00000)
  to   space 5120K, 0% used [0x00000000d8000000,0x00000000d8000000,0x00000000d8500000)
 ParOldGen       total 87552K, used 3241K [0x0000000081e00000, 0x0000000087380000, 0x00000000d5f80000)
  object space 87552K, 3% used [0x0000000081e00000,0x000000008212a520,0x0000000087380000)
 Metaspace       used 20989K, capacity 21192K, committed 21296K, reserved 1069056K
  class space    used 2645K, capacity 2739K, committed 2816K, reserved 1048576K
Event: 6571.118 GC heap after
Heap after GC invocations=5 (full 1):
 PSYoungGen      total 38400K, used 0K [0x00000000d5f80000, 0x00000000d8a00000, 0x0000000100000000)
  eden space 33280K, 0% used [0x00000000d5f80000,0x00000000d5f80000,0x00000000d8000000)
  from space 5120K, 0% used [0x00000000d8500000,0x00000000d8500000,0x00000000d8a00000)
  to   space 5120K, 0% used [0x00000000d8000000,0x00000000d8000000,0x00000000d8500000)
 ParOldGen       total 43008K, used 6868K [0x0000000081e00000, 0x0000000084800000, 0x00000000d5f80000)
  object space 43008K, 15% used [0x0000000081e00000,0x00000000824b53d0,0x0000000084800000)
 Metaspace       used 20910K, capacity 21068K, committed 21296K, reserved 1069056K
  class space    used 2632K, capacity 2715K, committed 2816K, reserved 1048576K
}

Deoptimization events (10 events):
Event: 2.553 Thread 0x0000000002862800 Uncommon trap: reason=bimorphic action=maybe_recompile pc=0x0000000002c2a9e0 method=java.net.URL.<init>(Ljava/net/URL;Ljava/lang/String;Ljava/net/URLStreamHandler;)V @ 504
Event: 2.700 Thread 0x0000000002862800 Uncommon trap: reason=unstable_if action=reinterpret pc=0x0000000002e21320 method=java.lang.CharacterDataLatin1.digit(II)I @ 82
Event: 2.963 Thread 0x0000000002862800 Uncommon trap: reason=predicate action=maybe_recompile pc=0x0000000002c1bdf0 method=sun.net.www.ParseUtil.encodePath(Ljava/lang/String;Z)Ljava/lang/String; @ 36
Event: 2.963 Thread 0x0000000002862800 Uncommon trap: reason=unstable_if action=reinterpret pc=0x0000000002a804f8 method=java.net.URI.match(CJJ)Z @ 45
Event: 4.464 Thread 0x0000000002862800 Uncommon trap: reason=unstable_if action=reinterpret pc=0x0000000002e218ec method=java.lang.CharacterDataLatin1.digit(II)I @ 82
Event: 4.711 Thread 0x0000000002862800 Uncommon trap: reason=unstable_if action=reinterpret pc=0x0000000002de4a38 method=java.util.HashMap.putVal(ILjava/lang/Object;Ljava/lang/Object;ZZ)Ljava/lang/Object; @ 236
Event: 4.962 Thread 0x0000000002862800 Uncommon trap: reason=unstable_if action=reinterpret pc=0x0000000002e3cbb4 method=java.lang.Integer.parseInt(Ljava/lang/String;I)I @ 122
Event: 5.422 Thread 0x0000000002862800 Uncommon trap: reason=unstable_if action=reinterpret pc=0x0000000002c670e4 method=java.lang.CharacterDataLatin1.isWhitespace(I)Z @ 14
Event: 6.723 Thread 0x0000000002862800 Uncommon trap: reason=unstable_if action=reinterpret pc=0x0000000002c7286c method=java.util.HashMap.hash(Ljava/lang/Object;)I @ 1
Event: 16.597 Thread 0x0000000019745000 Uncommon trap: reason=unstable_if action=reinterpret pc=0x0000000002d3639c method=java.util.LinkedHashMap.get(Ljava/lang/Object;)Ljava/lang/Object; @ 20

Classes redefined (10 events):
Event: 6923.730 Thread 0x00000000178c5800 redefined class name=com.eph.automation.testing.models.EnumConstants$ENVIRONMENTS, count=3
Event: 6923.739 Thread 0x00000000178c5800 redefined class name=com.eph.automation.testing.models.TestContext, count=3
Event: 6923.748 Thread 0x00000000178c5800 redefined class name=com.eph.automation.testing.models.dao.datalake.PersonDataDLObject, count=3
Event: 6923.755 Thread 0x00000000178c5800 redefined class name=com.eph.automation.testing.models.TestProperties, count=3
Event: 6923.763 Thread 0x00000000178c5800 redefined class name=com.eph.automation.testing.web.steps.datalake.PersonDataCheckSteps, count=3
Event: 6923.774 Thread 0x00000000178c5800 redefined class name=com.eph.automation.testing.configuration.MarionetteDriver, count=3
Event: 6923.783 Thread 0x00000000178c5800 redefined class name=com.eph.automation.testing.models.contexts.DataQualityDLContext, count=3
Event: 6923.790 Thread 0x00000000178c5800 redefined class name=com.eph.automation.testing.helper.Log, count=3
Event: 15213.967 Thread 0x00000000178c5800 redefined class name=com.eph.automation.testing.web.steps.datalake.PersonDataCheckSteps, count=4
Event: 15512.291 Thread 0x00000000178c5800 redefined class name=com.eph.automation.testing.web.steps.datalake.PersonDataCheckSteps, count=5

Internal exceptions (10 events):
Event: 2.308 Thread 0x0000000002862800 Implicit null exception at 0x0000000002bbda19 to 0x0000000002bbdf01
Event: 2.421 Thread 0x0000000002862800 Exception <a 'java/lang/NoClassDefFoundError': oracle/security/pki/OraclePKIProvider> (0x00000000d65cdc30) thrown at [C:\cygwin64\tmp\openjdk-jdk8u-windows-x64-hotspot\workspace\build\src\hotspot\src\share\vm\classfile\systemDictionary.cpp, line 199]
Event: 2.440 Thread 0x0000000002862800 Implicit null exception at 0x0000000002b27616 to 0x0000000002b27aa5
Event: 4.728 Thread 0x0000000002862800 Exception <a 'java/io/FileNotFoundException'> (0x00000000d6fc4628) thrown at [C:\cygwin64\tmp\openjdk-jdk8u-windows-x64-hotspot\workspace\build\src\hotspot\src\share\vm\prims\jni.cpp, line 710]
Event: 6.723 Thread 0x0000000002862800 Implicit null exception at 0x0000000002c727ef to 0x0000000002c7285d
Event: 13.506 Thread 0x0000000002862800 Exception <a 'java/lang/NoClassDefFoundError': org/slf4j/impl/StaticLoggerBinder> (0x00000000d7498c30) thrown at [C:\cygwin64\tmp\openjdk-jdk8u-windows-x64-hotspot\workspace\build\src\hotspot\src\share\vm\classfile\systemDictionary.cpp, line 199]
Event: 14.322 Thread 0x0000000002862800 Exception <a 'java/io/FileNotFoundException'> (0x00000000d763ce18) thrown at [C:\cygwin64\tmp\openjdk-jdk8u-windows-x64-hotspot\workspace\build\src\hotspot\src\share\vm\prims\jni.cpp, line 710]
Event: 16.534 Thread 0x0000000002862800 Exception <a 'java/lang/ClassNotFoundException': com/eph/automation/testing/models/dao/datalake/PersonDataDLObjectBeanInfo> (0x00000000d7846808) thrown at [C:\cygwin64\tmp\openjdk-jdk8u-windows-x64-hotspot\workspace\build\src\hotspot\src\share\vm\classfil
Event: 16.540 Thread 0x0000000002862800 Exception <a 'java/lang/ClassNotFoundException': com/eph/automation/testing/models/dao/datalake/PersonDataDLObjectCustomizer> (0x00000000d78a0c28) thrown at [C:\cygwin64\tmp\openjdk-jdk8u-windows-x64-hotspot\workspace\build\src\hotspot\src\share\vm\classf
Event: 16.602 Thread 0x0000000019745000 Exception <a 'java/io/FileNotFoundException'> (0x00000000d77b1b08) thrown at [C:\cygwin64\tmp\openjdk-jdk8u-windows-x64-hotspot\workspace\build\src\hotspot\src\share\vm\prims\jni.cpp, line 710]

Events (10 events):
Event: 15512.274 Executing VM operation: ChangeBreakpoints done
Event: 15512.274 Executing VM operation: ChangeBreakpoints
Event: 15512.274 Executing VM operation: ChangeBreakpoints done
Event: 15512.274 Executing VM operation: ChangeBreakpoints
Event: 15512.274 Executing VM operation: ChangeBreakpoints done
Event: 15512.275 Executing VM operation: ChangeBreakpoints
Event: 15512.275 Executing VM operation: ChangeBreakpoints done
Event: 15512.281 Executing VM operation: RedefineClasses
Event: 15512.291 Executing VM operation: RedefineClasses done
Event: 15512.292 Executing VM operation: GetOrSetLocal


Dynamic libraries:
0x00007ff609380000 - 0x00007ff6093b5000 	C:\Program Files\AdoptOpenJDK\jdk-8.0.202.08\bin\java.exe
0x00007ffa76b20000 - 0x00007ffa76d10000 	C:\WINDOWS\SYSTEM32\ntdll.dll
0x00007ffa76350000 - 0x00007ffa76402000 	C:\WINDOWS\System32\KERNEL32.DLL
0x00007ffa73ab0000 - 0x00007ffa73d53000 	C:\WINDOWS\System32\KERNELBASE.dll
0x00007ffa4fe10000 - 0x00007ffa4ffc2000 	C:\WINDOWS\system32\ctiuser.dll
0x00007ffa761d0000 - 0x00007ffa76273000 	C:\WINDOWS\System32\ADVAPI32.dll
0x00007ffa76a40000 - 0x00007ffa76ade000 	C:\WINDOWS\System32\msvcrt.dll
0x00007ffa74d50000 - 0x00007ffa74de7000 	C:\WINDOWS\System32\sechost.dll
0x00007ffa74c30000 - 0x00007ffa74d50000 	C:\WINDOWS\System32\RPCRT4.dll
0x00007ffa75e90000 - 0x00007ffa76024000 	C:\WINDOWS\System32\USER32.dll
0x00007ffa74860000 - 0x00007ffa74881000 	C:\WINDOWS\System32\win32u.dll
0x00007ffa75620000 - 0x00007ffa75646000 	C:\WINDOWS\System32\GDI32.dll
0x00007ffa749e0000 - 0x00007ffa74b74000 	C:\WINDOWS\System32\gdi32full.dll
0x00007ffa74940000 - 0x00007ffa749de000 	C:\WINDOWS\System32\msvcp_win.dll
0x00007ffa744e0000 - 0x00007ffa745da000 	C:\WINDOWS\System32\ucrtbase.dll
0x00007ffa64fc0000 - 0x00007ffa65245000 	C:\WINDOWS\WinSxS\amd64_microsoft.windows.common-controls_6595b64144ccf1df_6.0.18362.592_none_e6c0b1911312be02\COMCTL32.dll
0x00007ffa765a0000 - 0x00007ffa768d6000 	C:\WINDOWS\System32\combase.dll
0x00007ffa74780000 - 0x00007ffa74800000 	C:\WINDOWS\System32\bcryptPrimitives.dll
0x00007ffa76590000 - 0x00007ffa76598000 	C:\WINDOWS\System32\PSAPI.DLL
0x00007ffa628a0000 - 0x00007ffa628aa000 	C:\WINDOWS\SYSTEM32\FLTLIB.DLL
0x00007ffa761a0000 - 0x00007ffa761ce000 	C:\WINDOWS\System32\IMM32.DLL
0x000000006f210000 - 0x000000006f2e2000 	C:\Program Files\AdoptOpenJDK\jdk-8.0.202.08\jre\bin\msvcr100.dll
0x000000006e9c0000 - 0x000000006f209000 	C:\Program Files\AdoptOpenJDK\jdk-8.0.202.08\jre\bin\server\jvm.dll
0x00007ffa61ce0000 - 0x00007ffa61ce9000 	C:\WINDOWS\SYSTEM32\WSOCK32.dll
0x00007ffa76280000 - 0x00007ffa762ef000 	C:\WINDOWS\System32\WS2_32.dll
0x00007ffa71260000 - 0x00007ffa71284000 	C:\WINDOWS\SYSTEM32\WINMM.dll
0x00007ffa6ce20000 - 0x00007ffa6ce2a000 	C:\WINDOWS\SYSTEM32\VERSION.dll
0x00007ffa71230000 - 0x00007ffa7125d000 	C:\WINDOWS\SYSTEM32\WINMMBASE.dll
0x00007ffa745e0000 - 0x00007ffa7462a000 	C:\WINDOWS\System32\cfgmgr32.dll
0x00007ffa71320000 - 0x00007ffa7132f000 	C:\Program Files\AdoptOpenJDK\jdk-8.0.202.08\jre\bin\verify.dll
0x00007ffa6c1b0000 - 0x00007ffa6c1d9000 	C:\Program Files\AdoptOpenJDK\jdk-8.0.202.08\jre\bin\java.dll
0x00007ffa62e30000 - 0x00007ffa62e65000 	C:\Program Files\AdoptOpenJDK\jdk-8.0.202.08\jre\bin\jdwp.dll
0x00007ffa6e030000 - 0x00007ffa6e038000 	C:\Program Files\AdoptOpenJDK\jdk-8.0.202.08\jre\bin\npt.dll
0x00007ffa6bcd0000 - 0x00007ffa6bce6000 	C:\Program Files\AdoptOpenJDK\jdk-8.0.202.08\jre\bin\zip.dll
0x00007ffa75650000 - 0x00007ffa75d35000 	C:\WINDOWS\System32\SHELL32.dll
0x00007ffa768e0000 - 0x00007ffa76989000 	C:\WINDOWS\System32\shcore.dll
0x00007ffa73d60000 - 0x00007ffa744df000 	C:\WINDOWS\System32\windows.storage.dll
0x00007ffa73a70000 - 0x00007ffa73a8f000 	C:\WINDOWS\System32\profapi.dll
0x00007ffa73a00000 - 0x00007ffa73a4a000 	C:\WINDOWS\System32\powrprof.dll
0x00007ffa739f0000 - 0x00007ffa73a00000 	C:\WINDOWS\System32\UMPDC.dll
0x00007ffa76530000 - 0x00007ffa76582000 	C:\WINDOWS\System32\shlwapi.dll
0x00007ffa73a50000 - 0x00007ffa73a61000 	C:\WINDOWS\System32\kernel.appcore.dll
0x00007ffa74b80000 - 0x00007ffa74b97000 	C:\WINDOWS\System32\cryptsp.dll
0x00007ffa6c410000 - 0x00007ffa6c419000 	C:\Program Files\AdoptOpenJDK\jdk-8.0.202.08\jre\bin\dt_socket.dll
0x00007ffa73200000 - 0x00007ffa73267000 	C:\WINDOWS\system32\mswsock.dll
0x00007ffa6c1a0000 - 0x00007ffa6c1ad000 	C:\Program Files\AdoptOpenJDK\jdk-8.0.202.08\jre\bin\management.dll
0x00007ffa63b10000 - 0x00007ffa63b2a000 	C:\Program Files\AdoptOpenJDK\jdk-8.0.202.08\jre\bin\net.dll
0x00007ffa64030000 - 0x00007ffa64206000 	C:\WINDOWS\SYSTEM32\urlmon.dll
0x00007ffa63d80000 - 0x00007ffa64026000 	C:\WINDOWS\SYSTEM32\iertutil.dll
0x00007ffa733d0000 - 0x00007ffa733dc000 	C:\WINDOWS\SYSTEM32\CRYPTBASE.DLL
0x00007ffa63450000 - 0x00007ffa63462000 	C:\Program Files\AdoptOpenJDK\jdk-8.0.202.08\jre\bin\nio.dll
0x00007ffa612b0000 - 0x00007ffa612d4000 	C:\Program Files\AdoptOpenJDK\jdk-8.0.202.08\jre\bin\sunec.dll
0x00007ffa72f50000 - 0x00007ffa7301a000 	C:\WINDOWS\SYSTEM32\DNSAPI.dll
0x00007ffa76520000 - 0x00007ffa76528000 	C:\WINDOWS\System32\NSI.dll
0x00007ffa72f10000 - 0x00007ffa72f4a000 	C:\WINDOWS\SYSTEM32\IPHLPAPI.DLL
0x00007ffa6caa0000 - 0x00007ffa6caaa000 	C:\Windows\System32\rasadhlp.dll
0x00007ffa6f520000 - 0x00007ffa6f597000 	C:\WINDOWS\System32\fwpuclnt.dll
0x00007ffa74ba0000 - 0x00007ffa74bc6000 	C:\WINDOWS\System32\bcrypt.dll
0x00007ffa72b00000 - 0x00007ffa72b33000 	C:\WINDOWS\system32\rsaenh.dll
0x00007ffa73910000 - 0x00007ffa73935000 	C:\WINDOWS\SYSTEM32\USERENV.dll
0x00007ffa6f000000 - 0x00007ffa6f016000 	C:\WINDOWS\SYSTEM32\dhcpcsvc6.DLL
0x00007ffa6efe0000 - 0x00007ffa6effc000 	C:\WINDOWS\SYSTEM32\dhcpcsvc.DLL
0x00007ffa6bc70000 - 0x00007ffa6bc7b000 	C:\Program Files\AdoptOpenJDK\jdk-8.0.202.08\jre\bin\sunmscapi.dll
0x00007ffa74630000 - 0x00007ffa74779000 	C:\WINDOWS\System32\CRYPT32.dll
0x00007ffa73a90000 - 0x00007ffa73aa2000 	C:\WINDOWS\System32\MSASN1.dll

VM Arguments:
jvm_args: -agentlib:jdwp=transport=dt_socket,address=127.0.0.1:50925,suspend=y,server=n -Dorg.jetbrains.run.directory=C:\Users\sureshkumard\Desktop\EPH-Regression-Tests\src\main\resources\features\EPHDataLake -Dfile.encoding=UTF-8 
java_command: com.intellij.rt.execution.CommandLineWrapper C:\Users\sureshkumard\AppData\Local\Temp\idea_classpath cucumber.api.cli.Main --plugin org.jetbrains.plugins.cucumber.java.run.CucumberJvmSMFormatter --monochrome --name ^Validate data is transferred from gh_person EPH to DL Outbound$ --glue com.eph.automation.testing.common.hooks --glue com.eph.automation.testing.web.steps.datalake C:/Users/sureshkumard/Desktop/EPH-Regression-Tests/src/main/resources/features/EPHDataLake/PersonDataChecks.feature
java_class_path (initial): C:\Program Files\JetBrains\IntelliJ IDEA Community Edition 2017.2.6\lib\idea_rt.jar
Launcher Type: SUN_STANDARD

Environment Variables:
JAVA_HOME=C:\Program Files\AdoptOpenJDK\jdk-8.0.202.08\
PATH=C:\Program Files (x86)\OpenJDK\jdk8u181-b13\bin;C:\Program Files\AdoptOpenJDK\jdk-8.0.202.08\bin;C:\Program Files (x86)\Common Files\Oracle\Java\javapath;C:\WINDOWS\system32;C:\WINDOWS;C:\WINDOWS\System32\Wbem;C:\WINDOWS\System32\WindowsPowerShell\v1.0\;C:\WINDOWS\System32\OpenSSH\;C:\Program Files\Git\cmd;C:\Program Files (x86)\Intel\Intel(R) Management Engine Components\DAL;C:\Program Files\Intel\Intel(R) Management Engine Components\DAL;C:\apache-maven-3.2.2\bin;C:\Users\sureshkumard\AppData\Local\Microsoft\WindowsApps;
USERNAME=sureshkumard
OS=Windows_NT
PROCESSOR_IDENTIFIER=Intel64 Family 6 Model 142 Stepping 10, GenuineIntel



---------------  S Y S T E M  ---------------

OS: Windows 10.0 , 64 bit Build 18362 (10.0.18362.329)

CPU:total 8 (initial active 8) (4 cores per cpu, 2 threads per core) family 6 model 142 stepping 10, cmov, cx8, fxsr, mmx, sse, sse2, sse3, ssse3, sse4.1, sse4.2, popcnt, avx, avx2, aes, clmul, erms, rtm, 3dnowpref, lzcnt, ht, tsc, tscinvbit, bmi1, bmi2, adx

Memory: 4k page, physical 8265120k(1449092k free), swap 13877480k(2866636k free)

vm_info: OpenJDK 64-Bit Server VM (25.202-b08) for windows-amd64 JRE (1.8.0_202-b08), built on Jan 17 2019 17:10:34 by "jenkins" with MS VC++ 10.0 (VS2010)

time: Fri Feb 14 18:20:22 2020
timezone: India Standard Time
elapsed time: 15512 seconds (0d 4h 18m 32s)

