#
# A fatal error has been detected by the Java Runtime Environment:
#
#  Internal Error (generateOopMap.cpp:1623), pid=17160, tid=0x0000000000000320
#  Error: ShouldNotReachHere()
#
# JRE version: OpenJDK Runtime Environment (8.0_202-b08) (build 1.8.0_202-b08)
# Java VM: OpenJDK 64-Bit Server VM (25.202-b08 mixed mode windows-amd64 compressed oops)
# Failed to write core dump. Minidumps are not enabled by default on client versions of Windows
#
# If you would like to submit a bug report, please visit:
#   http://bugreport.java.com/bugreport/crash.jsp
#

---------------  T H R E A D  ---------------

Current thread (0x0000000018245800):  VMThread [stack: 0x0000000019f30000,0x000000001a030000] [id=800]

Stack: [0x0000000019f30000,0x000000001a030000]
[error occurred during error reporting (printing stack bounds), id 0xc0000005]

Native frames: (J=compiled Java code, j=interpreted, Vv=VM code, C=native code)

VM_Operation (0x000000001aa2efd0): GetOrSetLocal, mode: safepoint, requested by thread 0x000000001a069000


---------------  P R O C E S S  ---------------

Java Threads: ( => current thread )
  0x000000001d96e800 JavaThread "Abandoned connection cleanup thread" daemon [_thread_blocked, id=14812, stack(0x000000001ee50000,0x000000001ef50000)]
  0x000000001a0e0800 JavaThread "Service Thread" daemon [_thread_blocked, id=8728, stack(0x000000001b030000,0x000000001b130000)]
  0x000000001a09d800 JavaThread "C1 CompilerThread3" daemon [_thread_blocked, id=7408, stack(0x000000001af30000,0x000000001b030000)]
  0x000000001a09c000 JavaThread "C2 CompilerThread2" daemon [_thread_blocked, id=20524, stack(0x000000001ae30000,0x000000001af30000)]
  0x000000001a08f000 JavaThread "C2 CompilerThread1" daemon [_thread_blocked, id=16992, stack(0x000000001ad30000,0x000000001ae30000)]
  0x000000001a095000 JavaThread "C2 CompilerThread0" daemon [_thread_blocked, id=7884, stack(0x000000001ac30000,0x000000001ad30000)]
  0x000000001a078000 JavaThread "JDWP Command Reader" daemon [_thread_in_native, id=16300, stack(0x000000001ab30000,0x000000001ac30000)]
  0x000000001a074800 JavaThread "JDWP Event Helper Thread" daemon [_thread_blocked, id=4996, stack(0x000000001aa30000,0x000000001ab30000)]
  0x000000001a069000 JavaThread "JDWP Transport Listener: dt_socket" daemon [_thread_blocked, id=18404, stack(0x000000001a930000,0x000000001aa30000)]
  0x000000001a065000 JavaThread "Attach Listener" daemon [_thread_blocked, id=8288, stack(0x000000001a830000,0x000000001a930000)]
  0x000000001a063800 JavaThread "Signal Dispatcher" daemon [_thread_blocked, id=9568, stack(0x000000001a730000,0x000000001a830000)]
  0x000000001a050800 JavaThread "Finalizer" daemon [_thread_blocked, id=8272, stack(0x000000001a530000,0x000000001a630000)]
  0x000000001824a800 JavaThread "Reference Handler" daemon [_thread_blocked, id=11964, stack(0x000000001a430000,0x000000001a530000)]
  0x00000000031e2800 JavaThread "main" [_thread_blocked, id=18608, stack(0x0000000002fa0000,0x00000000030a0000)]

Other Threads:
=>0x0000000018245800 VMThread [stack: 0x0000000019f30000,0x000000001a030000] [id=800]
  0x000000001a087800 WatcherThread [stack: 0x000000001b130000,0x000000001b230000] [id=18548]

VM state:at safepoint (normal execution)

VM Mutex/Monitor currently owned by a thread:  ([mutex/lock_event])
[0x000000000318e7b0] Threads_lock - owner thread: 0x0000000018245800

heap address: 0x0000000081e00000, size: 2018 MB, Compressed Oops mode: 32-bit
Narrow klass base: 0x0000000000000000, Narrow klass shift: 3
Compressed class space size: 1073741824 Address: 0x0000000100000000

Heap:
 PSYoungGen      total 38400K, used 26786K [0x00000000d5f80000, 0x00000000d8a00000, 0x0000000100000000)
  eden space 33280K, 65% used [0x00000000d5f80000,0x00000000d74ab6f0,0x00000000d8000000)
  from space 5120K, 99% used [0x00000000d8000000,0x00000000d84fd3e8,0x00000000d8500000)
  to   space 5120K, 0% used [0x00000000d8500000,0x00000000d8500000,0x00000000d8a00000)
 ParOldGen       total 87552K, used 561K [0x0000000081e00000, 0x0000000087380000, 0x00000000d5f80000)
  object space 87552K, 0% used [0x0000000081e00000,0x0000000081e8c478,0x0000000087380000)
 Metaspace       used 20346K, capacity 20574K, committed 20864K, reserved 1067008K
  class space    used 2534K, capacity 2636K, committed 2688K, reserved 1048576K

Card table byte_map: [0x00000000126a0000,0x0000000012aa0000] byte_map_base: 0x0000000012291000

Marking Bits: (ParMarkBitMap*) 0x000000006f18cf30
 Begin Bits: [0x0000000013550000, 0x00000000154d8000)
 End Bits:   [0x00000000154d8000, 0x0000000017460000)

Polling page: 0x0000000001780000

CodeCache: size=245760Kb used=5936Kb max_used=5936Kb free=239823Kb
 bounds [0x00000000032e0000, 0x00000000038b0000, 0x00000000122e0000]
 total_blobs=2018 nmethods=1576 adapters=363
 compilation: enabled

Compilation events (10 events):
Event: 9.127 Thread 0x000000001a09d800 1571       1       java.lang.invoke.MethodTypeForm::basicType (5 bytes)
Event: 9.128 Thread 0x000000001a09d800 nmethod 1571 0x00000000038ad9d0 code [0x00000000038adb20, 0x00000000038adc30]
Event: 9.133 Thread 0x000000001a09d800 1576       3       java.util.regex.Matcher::match (109 bytes)
Event: 9.133 Thread 0x000000001a09d800 nmethod 1576 0x00000000038adc90 code [0x00000000038ade20, 0x00000000038ae228]
Event: 9.133 Thread 0x000000001a09d800 1578       3       java.util.regex.Pattern$Curly::match0 (174 bytes)
Event: 9.134 Thread 0x000000001a09d800 nmethod 1578 0x00000000038ae390 code [0x00000000038ae580, 0x00000000038aefb8]
Event: 9.134 Thread 0x000000001a09d800 1577       3       java.util.regex.Pattern$Begin::match (62 bytes)
Event: 9.134 Thread 0x000000001a09d800 nmethod 1577 0x00000000038af350 code [0x00000000038af4c0, 0x00000000038af848]
Event: 9.134 Thread 0x000000001a09d800 1575       3       java.nio.Buffer::clear (20 bytes)
Event: 9.134 Thread 0x000000001a09d800 nmethod 1575 0x00000000038afa10 code [0x00000000038afb60, 0x00000000038afcd0]

GC Heap History (6 events):
Event: 1.451 GC heap before
{Heap before GC invocations=1 (full 0):
 PSYoungGen      total 38400K, used 33280K [0x00000000d5f80000, 0x00000000d8a00000, 0x0000000100000000)
  eden space 33280K, 100% used [0x00000000d5f80000,0x00000000d8000000,0x00000000d8000000)
  from space 5120K, 0% used [0x00000000d8500000,0x00000000d8500000,0x00000000d8a00000)
  to   space 5120K, 0% used [0x00000000d8000000,0x00000000d8000000,0x00000000d8500000)
 ParOldGen       total 87552K, used 0K [0x0000000081e00000, 0x0000000087380000, 0x00000000d5f80000)
  object space 87552K, 0% used [0x0000000081e00000,0x0000000081e00000,0x0000000087380000)
 Metaspace       used 5648K, capacity 6400K, committed 6528K, reserved 1056768K
  class space    used 782K, capacity 812K, committed 896K, reserved 1048576K
Event: 1.455 GC heap after
Heap after GC invocations=1 (full 0):
 PSYoungGen      total 38400K, used 4243K [0x00000000d5f80000, 0x00000000d8a00000, 0x0000000100000000)
  eden space 33280K, 0% used [0x00000000d5f80000,0x00000000d5f80000,0x00000000d8000000)
  from space 5120K, 82% used [0x00000000d8000000,0x00000000d8424e20,0x00000000d8500000)
  to   space 5120K, 0% used [0x00000000d8500000,0x00000000d8500000,0x00000000d8a00000)
 ParOldGen       total 87552K, used 8K [0x0000000081e00000, 0x0000000087380000, 0x00000000d5f80000)
  object space 87552K, 0% used [0x0000000081e00000,0x0000000081e02000,0x0000000087380000)
 Metaspace       used 5648K, capacity 6400K, committed 6528K, reserved 1056768K
  class space    used 782K, capacity 812K, committed 896K, reserved 1048576K
}
Event: 2.211 GC heap before
{Heap before GC invocations=2 (full 0):
 PSYoungGen      total 38400K, used 37523K [0x00000000d5f80000, 0x00000000d8a00000, 0x0000000100000000)
  eden space 33280K, 100% used [0x00000000d5f80000,0x00000000d8000000,0x00000000d8000000)
  from space 5120K, 82% used [0x00000000d8000000,0x00000000d8424e20,0x00000000d8500000)
  to   space 5120K, 0% used [0x00000000d8500000,0x00000000d8500000,0x00000000d8a00000)
 ParOldGen       total 87552K, used 8K [0x0000000081e00000, 0x0000000087380000, 0x00000000d5f80000)
  object space 87552K, 0% used [0x0000000081e00000,0x0000000081e02000,0x0000000087380000)
 Metaspace       used 9893K, capacity 10042K, committed 10240K, reserved 1058816K
  class space    used 1352K, capacity 1426K, committed 1536K, reserved 1048576K
Event: 2.222 GC heap after
Heap after GC invocations=2 (full 0):
 PSYoungGen      total 38400K, used 5115K [0x00000000d5f80000, 0x00000000d8a00000, 0x0000000100000000)
  eden space 33280K, 0% used [0x00000000d5f80000,0x00000000d5f80000,0x00000000d8000000)
  from space 5120K, 99% used [0x00000000d8500000,0x00000000d89fece0,0x00000000d8a00000)
  to   space 5120K, 0% used [0x00000000d8000000,0x00000000d8000000,0x00000000d8500000)
 ParOldGen       total 87552K, used 188K [0x0000000081e00000, 0x0000000087380000, 0x00000000d5f80000)
  object space 87552K, 0% used [0x0000000081e00000,0x0000000081e2f270,0x0000000087380000)
 Metaspace       used 9893K, capacity 10042K, committed 10240K, reserved 1058816K
  class space    used 1352K, capacity 1426K, committed 1536K, reserved 1048576K
}
Event: 3.224 GC heap before
{Heap before GC invocations=3 (full 0):
 PSYoungGen      total 38400K, used 38395K [0x00000000d5f80000, 0x00000000d8a00000, 0x0000000100000000)
  eden space 33280K, 100% used [0x00000000d5f80000,0x00000000d8000000,0x00000000d8000000)
  from space 5120K, 99% used [0x00000000d8500000,0x00000000d89fece0,0x00000000d8a00000)
  to   space 5120K, 0% used [0x00000000d8000000,0x00000000d8000000,0x00000000d8500000)
 ParOldGen       total 87552K, used 188K [0x0000000081e00000, 0x0000000087380000, 0x00000000d5f80000)
  object space 87552K, 0% used [0x0000000081e00000,0x0000000081e2f270,0x0000000087380000)
 Metaspace       used 13897K, capacity 14048K, committed 14208K, reserved 1060864K
  class space    used 1827K, capacity 1907K, committed 1920K, reserved 1048576K
Event: 3.232 GC heap after
Heap after GC invocations=3 (full 0):
 PSYoungGen      total 38400K, used 5108K [0x00000000d5f80000, 0x00000000d8a00000, 0x0000000100000000)
  eden space 33280K, 0% used [0x00000000d5f80000,0x00000000d5f80000,0x00000000d8000000)
  from space 5120K, 99% used [0x00000000d8000000,0x00000000d84fd3e8,0x00000000d8500000)
  to   space 5120K, 0% used [0x00000000d8500000,0x00000000d8500000,0x00000000d8a00000)
 ParOldGen       total 87552K, used 561K [0x0000000081e00000, 0x0000000087380000, 0x00000000d5f80000)
  object space 87552K, 0% used [0x0000000081e00000,0x0000000081e8c478,0x0000000087380000)
 Metaspace       used 13897K, capacity 14048K, committed 14208K, reserved 1060864K
  class space    used 1827K, capacity 1907K, committed 1920K, reserved 1048576K
}

Deoptimization events (10 events):
Event: 3.758 Thread 0x00000000031e2800 Uncommon trap: reason=unstable_if action=reinterpret pc=0x00000000035dd320 method=java.lang.String.regionMatches(ZILjava/lang/String;II)Z @ 123
Event: 3.764 Thread 0x00000000031e2800 Uncommon trap: reason=bimorphic action=maybe_recompile pc=0x00000000035b0428 method=java.net.URL.<init>(Ljava/net/URL;Ljava/lang/String;Ljava/net/URLStreamHandler;)V @ 504
Event: 3.896 Thread 0x00000000031e2800 Uncommon trap: reason=unstable_if action=reinterpret pc=0x00000000037b76a0 method=java.lang.CharacterDataLatin1.digit(II)I @ 82
Event: 4.037 Thread 0x00000000031e2800 Uncommon trap: reason=predicate action=maybe_recompile pc=0x00000000035a14b0 method=sun.net.www.ParseUtil.encodePath(Ljava/lang/String;Z)Ljava/lang/String; @ 36
Event: 4.038 Thread 0x00000000031e2800 Uncommon trap: reason=unstable_if action=reinterpret pc=0x00000000033ff7f8 method=java.net.URI.match(CJJ)Z @ 45
Event: 5.881 Thread 0x00000000031e2800 Uncommon trap: reason=unstable_if action=reinterpret pc=0x00000000037b7bac method=java.lang.CharacterDataLatin1.digit(II)I @ 82
Event: 6.165 Thread 0x00000000031e2800 Uncommon trap: reason=unstable_if action=reinterpret pc=0x0000000003779178 method=java.util.HashMap.putVal(ILjava/lang/Object;Ljava/lang/Object;ZZ)Ljava/lang/Object; @ 236
Event: 6.448 Thread 0x00000000031e2800 Uncommon trap: reason=unstable_if action=reinterpret pc=0x00000000037d6db4 method=java.lang.Integer.parseInt(Ljava/lang/String;I)I @ 122
Event: 6.935 Thread 0x00000000031e2800 Uncommon trap: reason=unstable_if action=reinterpret pc=0x00000000035f1ae4 method=java.lang.CharacterDataLatin1.isWhitespace(I)Z @ 14
Event: 9.107 Thread 0x00000000031e2800 Uncommon trap: reason=unstable_if action=reinterpret pc=0x00000000035b8eac method=java.util.HashMap.hash(Ljava/lang/Object;)I @ 1

Classes redefined (10 events):
Event: 350.575 Thread 0x0000000018245800 redefined class name=com.eph.automation.testing.configuration.Constants, count=2
Event: 350.586 Thread 0x0000000018245800 redefined class name=com.eph.automation.testing.web.steps.datalake.EPHDataLakeCountCheckSteps, count=2
Event: 350.595 Thread 0x0000000018245800 redefined class name=com.eph.automation.testing.web.steps.datalake.WorksDataCheckSteps, count=2
Event: 350.605 Thread 0x0000000018245800 redefined class name=com.eph.automation.testing.common.hooks.ApplicationHooks, count=2
Event: 350.617 Thread 0x0000000018245800 redefined class name=com.eph.automation.testing.configuration.DBManager, count=2
Event: 350.625 Thread 0x0000000018245800 redefined class name=com.eph.automation.testing.web.steps.datalake.PersonDataCheckSteps, count=2
Event: 350.636 Thread 0x0000000018245800 redefined class name=com.eph.automation.testing.configuration.MarionetteDriver, count=2
Event: 350.644 Thread 0x0000000018245800 redefined class name=com.eph.automation.testing.helper.Log, count=2
Event: 8641.091 Thread 0x0000000018245800 redefined class name=com.eph.automation.testing.web.steps.datalake.PersonDataCheckSteps, count=3
Event: 8939.741 Thread 0x0000000018245800 redefined class name=com.eph.automation.testing.web.steps.datalake.PersonDataCheckSteps, count=4

Internal exceptions (10 events):
Event: 2.862 Thread 0x00000000031e2800 Exception <a 'java/lang/ClassNotFoundException': org/apache/log4j/WriterAppenderCustomizer> (0x00000000d73ee690) thrown at [C:\cygwin64\tmp\openjdk-jdk8u-windows-x64-hotspot\workspace\build\src\hotspot\src\share\vm\classfile\systemDictionary.cpp, line 210
Event: 2.869 Thread 0x00000000031e2800 Exception <a 'java/lang/ClassNotFoundException': org/apache/log4j/ConsoleAppenderCustomizer> (0x00000000d74330d8) thrown at [C:\cygwin64\tmp\openjdk-jdk8u-windows-x64-hotspot\workspace\build\src\hotspot\src\share\vm\classfile\systemDictionary.cpp, line 21
Event: 2.995 Thread 0x00000000031e2800 Implicit null exception at 0x00000000036b4dfb to 0x00000000036b5549
Event: 3.262 Thread 0x00000000031e2800 Exception <a 'java/io/FileNotFoundException'> (0x00000000d6248248) thrown at [C:\cygwin64\tmp\openjdk-jdk8u-windows-x64-hotspot\workspace\build\src\hotspot\src\share\vm\prims\jni.cpp, line 710]
Event: 3.275 Thread 0x00000000031e2800 Exception <a 'java/io/FileNotFoundException'> (0x00000000d63001d0) thrown at [C:\cygwin64\tmp\openjdk-jdk8u-windows-x64-hotspot\workspace\build\src\hotspot\src\share\vm\prims\jni.cpp, line 710]
Event: 3.275 Thread 0x00000000031e2800 Implicit null exception at 0x0000000003529b59 to 0x000000000352a041
Event: 3.553 Thread 0x00000000031e2800 Exception <a 'java/lang/NoClassDefFoundError': oracle/security/pki/OraclePKIProvider> (0x00000000d65cc8e8) thrown at [C:\cygwin64\tmp\openjdk-jdk8u-windows-x64-hotspot\workspace\build\src\hotspot\src\share\vm\classfile\systemDictionary.cpp, line 199]
Event: 3.595 Thread 0x00000000031e2800 Implicit null exception at 0x00000000034b6856 to 0x00000000034b6ce5
Event: 6.206 Thread 0x00000000031e2800 Exception <a 'java/io/FileNotFoundException'> (0x00000000d6fc62d8) thrown at [C:\cygwin64\tmp\openjdk-jdk8u-windows-x64-hotspot\workspace\build\src\hotspot\src\share\vm\prims\jni.cpp, line 710]
Event: 9.107 Thread 0x00000000031e2800 Implicit null exception at 0x00000000035b8e2f to 0x00000000035b8e9d

Events (10 events):
Event: 8939.719 Executing VM operation: ChangeBreakpoints done
Event: 8939.720 Executing VM operation: ChangeBreakpoints
Event: 8939.720 Executing VM operation: ChangeBreakpoints done
Event: 8939.720 Executing VM operation: ChangeBreakpoints
Event: 8939.720 Executing VM operation: ChangeBreakpoints done
Event: 8939.721 Executing VM operation: ChangeBreakpoints
Event: 8939.721 Executing VM operation: ChangeBreakpoints done
Event: 8939.728 Executing VM operation: RedefineClasses
Event: 8939.741 Executing VM operation: RedefineClasses done
Event: 8939.742 Executing VM operation: GetOrSetLocal


Dynamic libraries:
0x00007ff609380000 - 0x00007ff6093b5000 	C:\Program Files\AdoptOpenJDK\jdk-8.0.202.08\bin\java.exe
0x00007ffa76b20000 - 0x00007ffa76d10000 	C:\WINDOWS\SYSTEM32\ntdll.dll
0x00007ffa76350000 - 0x00007ffa76402000 	C:\WINDOWS\System32\KERNEL32.DLL
0x00007ffa73ab0000 - 0x00007ffa73d53000 	C:\WINDOWS\System32\KERNELBASE.dll
0x00007ffa4fe10000 - 0x00007ffa4ffc2000 	C:\WINDOWS\system32\ctiuser.dll
0x00007ffa761d0000 - 0x00007ffa76273000 	C:\WINDOWS\System32\ADVAPI32.dll
0x00007ffa76a40000 - 0x00007ffa76ade000 	C:\WINDOWS\System32\msvcrt.dll
0x00007ffa74d50000 - 0x00007ffa74de7000 	C:\WINDOWS\System32\sechost.dll
0x00007ffa74c30000 - 0x00007ffa74d50000 	C:\WINDOWS\System32\RPCRT4.dll
0x00007ffa75e90000 - 0x00007ffa76024000 	C:\WINDOWS\System32\USER32.dll
0x00007ffa74860000 - 0x00007ffa74881000 	C:\WINDOWS\System32\win32u.dll
0x00007ffa75620000 - 0x00007ffa75646000 	C:\WINDOWS\System32\GDI32.dll
0x00007ffa749e0000 - 0x00007ffa74b74000 	C:\WINDOWS\System32\gdi32full.dll
0x00007ffa74940000 - 0x00007ffa749de000 	C:\WINDOWS\System32\msvcp_win.dll
0x00007ffa744e0000 - 0x00007ffa745da000 	C:\WINDOWS\System32\ucrtbase.dll
0x00007ffa64fc0000 - 0x00007ffa65245000 	C:\WINDOWS\WinSxS\amd64_microsoft.windows.common-controls_6595b64144ccf1df_6.0.18362.592_none_e6c0b1911312be02\COMCTL32.dll
0x00007ffa765a0000 - 0x00007ffa768d6000 	C:\WINDOWS\System32\combase.dll
0x00007ffa74780000 - 0x00007ffa74800000 	C:\WINDOWS\System32\bcryptPrimitives.dll
0x00007ffa76590000 - 0x00007ffa76598000 	C:\WINDOWS\System32\PSAPI.DLL
0x00007ffa628a0000 - 0x00007ffa628aa000 	C:\WINDOWS\SYSTEM32\FLTLIB.DLL
0x00007ffa761a0000 - 0x00007ffa761ce000 	C:\WINDOWS\System32\IMM32.DLL
0x000000006f210000 - 0x000000006f2e2000 	C:\Program Files\AdoptOpenJDK\jdk-8.0.202.08\jre\bin\msvcr100.dll
0x000000006e9c0000 - 0x000000006f209000 	C:\Program Files\AdoptOpenJDK\jdk-8.0.202.08\jre\bin\server\jvm.dll
0x00007ffa61ce0000 - 0x00007ffa61ce9000 	C:\WINDOWS\SYSTEM32\WSOCK32.dll
0x00007ffa76280000 - 0x00007ffa762ef000 	C:\WINDOWS\System32\WS2_32.dll
0x00007ffa71260000 - 0x00007ffa71284000 	C:\WINDOWS\SYSTEM32\WINMM.dll
0x00007ffa6ce20000 - 0x00007ffa6ce2a000 	C:\WINDOWS\SYSTEM32\VERSION.dll
0x00007ffa71230000 - 0x00007ffa7125d000 	C:\WINDOWS\SYSTEM32\WINMMBASE.dll
0x00007ffa745e0000 - 0x00007ffa7462a000 	C:\WINDOWS\System32\cfgmgr32.dll
0x00007ffa71320000 - 0x00007ffa7132f000 	C:\Program Files\AdoptOpenJDK\jdk-8.0.202.08\jre\bin\verify.dll
0x00007ffa6c1b0000 - 0x00007ffa6c1d9000 	C:\Program Files\AdoptOpenJDK\jdk-8.0.202.08\jre\bin\java.dll
0x00007ffa62e30000 - 0x00007ffa62e65000 	C:\Program Files\AdoptOpenJDK\jdk-8.0.202.08\jre\bin\jdwp.dll
0x00007ffa6e030000 - 0x00007ffa6e038000 	C:\Program Files\AdoptOpenJDK\jdk-8.0.202.08\jre\bin\npt.dll
0x00007ffa6bcd0000 - 0x00007ffa6bce6000 	C:\Program Files\AdoptOpenJDK\jdk-8.0.202.08\jre\bin\zip.dll
0x00007ffa75650000 - 0x00007ffa75d35000 	C:\WINDOWS\System32\SHELL32.dll
0x00007ffa768e0000 - 0x00007ffa76989000 	C:\WINDOWS\System32\shcore.dll
0x00007ffa73d60000 - 0x00007ffa744df000 	C:\WINDOWS\System32\windows.storage.dll
0x00007ffa73a70000 - 0x00007ffa73a8f000 	C:\WINDOWS\System32\profapi.dll
0x00007ffa73a00000 - 0x00007ffa73a4a000 	C:\WINDOWS\System32\powrprof.dll
0x00007ffa739f0000 - 0x00007ffa73a00000 	C:\WINDOWS\System32\UMPDC.dll
0x00007ffa76530000 - 0x00007ffa76582000 	C:\WINDOWS\System32\shlwapi.dll
0x00007ffa73a50000 - 0x00007ffa73a61000 	C:\WINDOWS\System32\kernel.appcore.dll
0x00007ffa74b80000 - 0x00007ffa74b97000 	C:\WINDOWS\System32\cryptsp.dll
0x00007ffa6c410000 - 0x00007ffa6c419000 	C:\Program Files\AdoptOpenJDK\jdk-8.0.202.08\jre\bin\dt_socket.dll
0x00007ffa73200000 - 0x00007ffa73267000 	C:\WINDOWS\system32\mswsock.dll
0x00007ffa6c1a0000 - 0x00007ffa6c1ad000 	C:\Program Files\AdoptOpenJDK\jdk-8.0.202.08\jre\bin\management.dll
0x00007ffa63b10000 - 0x00007ffa63b2a000 	C:\Program Files\AdoptOpenJDK\jdk-8.0.202.08\jre\bin\net.dll
0x00007ffa64030000 - 0x00007ffa64206000 	C:\WINDOWS\SYSTEM32\urlmon.dll
0x00007ffa63d80000 - 0x00007ffa64026000 	C:\WINDOWS\SYSTEM32\iertutil.dll
0x00007ffa733d0000 - 0x00007ffa733dc000 	C:\WINDOWS\SYSTEM32\CRYPTBASE.DLL
0x00007ffa63450000 - 0x00007ffa63462000 	C:\Program Files\AdoptOpenJDK\jdk-8.0.202.08\jre\bin\nio.dll
0x00007ffa612b0000 - 0x00007ffa612d4000 	C:\Program Files\AdoptOpenJDK\jdk-8.0.202.08\jre\bin\sunec.dll
0x00007ffa72f50000 - 0x00007ffa7301a000 	C:\WINDOWS\SYSTEM32\DNSAPI.dll
0x00007ffa76520000 - 0x00007ffa76528000 	C:\WINDOWS\System32\NSI.dll
0x00007ffa72f10000 - 0x00007ffa72f4a000 	C:\WINDOWS\SYSTEM32\IPHLPAPI.DLL
0x00007ffa6caa0000 - 0x00007ffa6caaa000 	C:\Windows\System32\rasadhlp.dll
0x00007ffa6f520000 - 0x00007ffa6f597000 	C:\WINDOWS\System32\fwpuclnt.dll
0x00007ffa74ba0000 - 0x00007ffa74bc6000 	C:\WINDOWS\System32\bcrypt.dll
0x00007ffa72b00000 - 0x00007ffa72b33000 	C:\WINDOWS\system32\rsaenh.dll
0x00007ffa73910000 - 0x00007ffa73935000 	C:\WINDOWS\SYSTEM32\USERENV.dll
0x00007ffa6f000000 - 0x00007ffa6f016000 	C:\WINDOWS\SYSTEM32\dhcpcsvc6.DLL
0x00007ffa6efe0000 - 0x00007ffa6effc000 	C:\WINDOWS\SYSTEM32\dhcpcsvc.DLL
0x00007ffa6bc70000 - 0x00007ffa6bc7b000 	C:\Program Files\AdoptOpenJDK\jdk-8.0.202.08\jre\bin\sunmscapi.dll
0x00007ffa74630000 - 0x00007ffa74779000 	C:\WINDOWS\System32\CRYPT32.dll
0x00007ffa73a90000 - 0x00007ffa73aa2000 	C:\WINDOWS\System32\MSASN1.dll

VM Arguments:
jvm_args: -agentlib:jdwp=transport=dt_socket,address=127.0.0.1:51515,suspend=y,server=n -Dorg.jetbrains.run.directory=C:\Users\sureshkumard\Desktop\EPH-Regression-Tests\src\main\resources\features\EPHDataLake -Dfile.encoding=UTF-8 
java_command: com.intellij.rt.execution.CommandLineWrapper C:\Users\sureshkumard\AppData\Local\Temp\idea_classpath cucumber.api.cli.Main --plugin org.jetbrains.plugins.cucumber.java.run.CucumberJvmSMFormatter --monochrome --name ^Validate data is transferred from gh_person EPH to DL Outbound$ --glue com.eph.automation.testing.common.hooks --glue com.eph.automation.testing.web.steps.datalake C:/Users/sureshkumard/Desktop/EPH-Regression-Tests/src/main/resources/features/EPHDataLake/PersonDataChecks.feature
java_class_path (initial): C:\Program Files\JetBrains\IntelliJ IDEA Community Edition 2017.2.6\lib\idea_rt.jar
Launcher Type: SUN_STANDARD

Environment Variables:
JAVA_HOME=C:\Program Files\AdoptOpenJDK\jdk-8.0.202.08\
PATH=C:\Program Files (x86)\OpenJDK\jdk8u181-b13\bin;C:\Program Files\AdoptOpenJDK\jdk-8.0.202.08\bin;C:\Program Files (x86)\Common Files\Oracle\Java\javapath;C:\WINDOWS\system32;C:\WINDOWS;C:\WINDOWS\System32\Wbem;C:\WINDOWS\System32\WindowsPowerShell\v1.0\;C:\WINDOWS\System32\OpenSSH\;C:\Program Files\Git\cmd;C:\Program Files (x86)\Intel\Intel(R) Management Engine Components\DAL;C:\Program Files\Intel\Intel(R) Management Engine Components\DAL;C:\apache-maven-3.2.2\bin;C:\Users\sureshkumard\AppData\Local\Microsoft\WindowsApps;
USERNAME=sureshkumard
OS=Windows_NT
PROCESSOR_IDENTIFIER=Intel64 Family 6 Model 142 Stepping 10, GenuineIntel



---------------  S Y S T E M  ---------------

OS: Windows 10.0 , 64 bit Build 18362 (10.0.18362.329)

CPU:total 8 (initial active 8) (4 cores per cpu, 2 threads per core) family 6 model 142 stepping 10, cmov, cx8, fxsr, mmx, sse, sse2, sse3, ssse3, sse4.1, sse4.2, popcnt, avx, avx2, aes, clmul, erms, rtm, 3dnowpref, lzcnt, ht, tsc, tscinvbit, bmi1, bmi2, adx

Memory: 4k page, physical 8265120k(1429584k free), swap 13877480k(2570060k free)

vm_info: OpenJDK 64-Bit Server VM (25.202-b08) for windows-amd64 JRE (1.8.0_202-b08), built on Jan 17 2019 17:10:34 by "jenkins" with MS VC++ 10.0 (VS2010)

time: Fri Feb 14 18:20:22 2020
timezone: India Standard Time
elapsed time: 8939 seconds (0d 2h 28m 59s)

